[5.402s] [01m[K/home/turgay/dev_ws/src/ros2_robot/ground_plane_estimator/src/ground_plane_estimator_node.cpp:[m[K In member function â€˜[01m[Kvoid GroundPlaneEstimatorNode::imageColorEdgeDetection(const ConstSharedPtr&, const ConstSharedPtr&)[m[Kâ€™:
[5.402s] [01m[K/home/turgay/dev_ws/src/ros2_robot/ground_plane_estimator/src/ground_plane_estimator_node.cpp:151:5:[m[K [01;31m[Kerror: [m[Kâ€˜[01m[Kpub_depth_in[m[Kâ€™ was not declared in this scope
[5.403s]      [01;31m[Kpub_depth_in[m[K.publish(msg_in);
[5.403s]      [01;31m[K^~~~~~~~~~~~[m[K
[5.410s] [01m[K/home/turgay/dev_ws/src/ros2_robot/ground_plane_estimator/src/ground_plane_estimator_node.cpp:152:5:[m[K [01;31m[Kerror: [m[Kâ€˜[01m[Kpub_depth_out[m[Kâ€™ was not declared in this scope
[5.410s]      [01;31m[Kpub_depth_out[m[K.publish(msg_out);
[5.410s]      [01;31m[K^~~~~~~~~~~~~[m[K
[6.569s] In file included from [01m[K/usr/include/pcl-1.8/pcl/sample_consensus/sac_model.h:52:0[m[K,
[6.570s]                  from [01m[K/usr/include/pcl-1.8/pcl/sample_consensus/sac.h:45[m[K,
[6.570s]                  from [01m[K/usr/include/pcl-1.8/pcl/segmentation/sac_segmentation.h:49[m[K,
[6.571s]                  from [01m[K/home/turgay/dev_ws/src/ros2_robot/ground_plane_estimator/include/ground_plane_estimator/ground_plane_estimator_node.hpp:34[m[K,
[6.571s]                  from [01m[K/home/turgay/dev_ws/src/ros2_robot/ground_plane_estimator/src/ground_plane_estimator_node.cpp:7[m[K:
[6.571s] [01m[K/usr/include/pcl-1.8/pcl/sample_consensus/model_types.h:[m[K In function â€˜[01m[Kvoid __static_initialization_and_destruction_0(int, int)[m[Kâ€™:
[6.572s] [01m[K/usr/include/pcl-1.8/pcl/sample_consensus/model_types.h:99:3:[m[K [01;35m[Kwarning: [m[Kâ€˜[01m[Kpcl::SAC_SAMPLE_SIZE[m[Kâ€™ is deprecated: This map is deprecated and is kept only to prevent breaking existing user code. Starting from PCL 1.8.0 model sample size is a protected member of the SampleConsensusModel class [[01;35m[K-Wdeprecated-declarations[m[K]
[6.572s]    [01;35m[KSAC_SAMPLE_SIZE[m[K (sample_size_pairs, sample_size_pairs + sizeof (sample_size_pairs) / sizeof (SampleSizeModel));
[6.573s]    [01;35m[K^~~~~~~~~~~~~~~[m[K
[6.573s] [01m[K/usr/include/pcl-1.8/pcl/sample_consensus/model_types.h:99:3:[m[K [01;36m[Knote: [m[Kdeclared here
[6.898s] make[2]: *** [CMakeFiles/ground_plane_estimator_node.dir/src/ground_plane_estimator_node.cpp.o] Error 1
[6.899s] make[1]: *** [CMakeFiles/ground_plane_estimator_node.dir/all] Error 2
[6.899s] make: *** [all] Error 2
