[1.250s] In file included from [01m[K/home/turgay/dev_ws/src/ros2_robot/ground_plane_estimator/src/ground_plane_estimator_node.cpp:7:0[m[K:
[1.251s] [01m[K/home/turgay/dev_ws/src/ros2_robot/ground_plane_estimator/include/ground_plane_estimator/ground_plane_estimator_node.hpp:35:5:[m[K [01;31m[Kerror: [m[Kâ€˜[01m[Kimage_transport[m[Kâ€™ does not name a type
[1.251s]      [01;31m[Kimage_transport[m[K::Subscriber transport_image_subscription_;
[1.251s]      [01;31m[K^~~~~~~~~~~~~~~[m[K
[1.328s] [01m[K/home/turgay/dev_ws/src/ros2_robot/ground_plane_estimator/src/ground_plane_estimator_node.cpp:[m[K In constructor â€˜[01m[KGroundPlaneEstimatorNode::GroundPlaneEstimatorNode()[m[Kâ€™:
[1.328s] [01m[K/home/turgay/dev_ws/src/ros2_robot/ground_plane_estimator/src/ground_plane_estimator_node.cpp:25:3:[m[K [01;31m[Kerror: [m[Kâ€˜[01m[Ktransport_image_subscription_[m[Kâ€™ was not declared in this scope
[1.328s]    [01;31m[Ktransport_image_subscription_[m[K = it_->subscribe("/d435/camera/aligned_depth_to_color", 1, &GroundPlaneEstimatorNode::image_callback_static);
[1.328s]    [01;31m[K^~~~~~~~~~~~~~~~~~~~~~~~~~~~~[m[K
[1.333s] [01m[K/home/turgay/dev_ws/src/ros2_robot/ground_plane_estimator/src/ground_plane_estimator_node.cpp:25:3:[m[K [01;36m[Knote: [m[Ksuggested alternative: â€˜[01m[Kimage_subscription_[m[Kâ€™
[1.334s]    [01;36m[Ktransport_image_subscription_[m[K = it_->subscribe("/d435/camera/aligned_depth_to_color", 1, &GroundPlaneEstimatorNode::image_callback_static);
[1.334s]    [01;36m[K^~~~~~~~~~~~~~~~~~~~~~~~~~~~~[m[K
[1.334s]    [32m[Kimage_subscription_[m[K
[2.078s] make[2]: *** [CMakeFiles/ground_plane_estimator_node.dir/src/ground_plane_estimator_node.cpp.o] Error 1
[2.078s] make[1]: *** [CMakeFiles/ground_plane_estimator_node.dir/all] Error 2
[2.079s] make: *** [all] Error 2
