[0.153s] [35m[1mScanning dependencies of target ground_plane_estimator_node[0m
[0.234s] [ 50%] [32mBuilding CXX object CMakeFiles/ground_plane_estimator_node.dir/src/ground_plane_estimator_node.cpp.o[0m
[0.385s] In file included from [01m[K/home/turgay/dev_ws/src/ros2_robot/ground_plane_estimator/src/ground_plane_estimator_node.cpp:7:0[m[K:
[0.386s] [01m[K/home/turgay/dev_ws/src/ros2_robot/ground_plane_estimator/include/ground_plane_estimator/ground_plane_estimator_node.hpp:26:10:[m[K [01;35m[Kwarning: [m[Kmissing terminating " character
[0.386s]  #include [01;35m[K"[m[Ksensor_msgs/msg/point_cloud2.hpp>
[0.386s]           [01;35m[K^[m[K
[0.386s] [01m[K/home/turgay/dev_ws/src/ros2_robot/ground_plane_estimator/include/ground_plane_estimator/ground_plane_estimator_node.hpp:26:10:[m[K [01;31m[Kerror: [m[K#include expects "FILENAME" or <FILENAME>
[0.386s]  #include [01;31m[K"sensor_msgs/msg/point_cloud2.hpp>[m[K
[0.386s]           [01;31m[K^~~~~~~~~~~~~~~~~~~~~~~~~~~~~~~~~~[m[K
[1.442s] [01m[K/home/turgay/dev_ws/src/ros2_robot/ground_plane_estimator/include/ground_plane_estimator/ground_plane_estimator_node.hpp:41:44:[m[K [01;31m[Kerror: [m[Kâ€˜[01m[KPointCloud2[m[Kâ€™ is not a member of â€˜[01m[Ksensor_msgs::msg[m[Kâ€™
[1.442s]      rclcpp::Subscription<sensor_msgs::msg::[01;31m[KPointCloud2[m[K>::SharedPtr point_cloud_subscription_;
[1.442s]                                             [01;31m[K^~~~~~~~~~~[m[K
[1.442s] [01m[K/home/turgay/dev_ws/src/ros2_robot/ground_plane_estimator/include/ground_plane_estimator/ground_plane_estimator_node.hpp:41:44:[m[K [01;31m[Kerror: [m[Kâ€˜[01m[KPointCloud2[m[Kâ€™ is not a member of â€˜[01m[Ksensor_msgs::msg[m[Kâ€™
[1.443s] [01m[K/home/turgay/dev_ws/src/ros2_robot/ground_plane_estimator/include/ground_plane_estimator/ground_plane_estimator_node.hpp:41:55:[m[K [01;31m[Kerror: [m[Ktemplate argument 1 is invalid
[1.443s]      rclcpp::Subscription<sensor_msgs::msg::PointCloud2[01;31m[K>[m[K::SharedPtr point_cloud_subscription_;
[1.443s]                                                        [01;31m[K^[m[K
[1.443s] [01m[K/home/turgay/dev_ws/src/ros2_robot/ground_plane_estimator/include/ground_plane_estimator/ground_plane_estimator_node.hpp:41:58:[m[K [01;31m[Kerror: [m[Kexpected â€˜[01m[K;[m[Kâ€™ at end of member declaration
[1.444s]      rclcpp::Subscription<sensor_msgs::msg::PointCloud2>::[01;31m[KSharedPtr[m[K point_cloud_subscription_;
[1.444s]                                                           [01;31m[K^~~~~~~~~[m[K
[1.451s] [01m[K/home/turgay/dev_ws/src/ros2_robot/ground_plane_estimator/include/ground_plane_estimator/ground_plane_estimator_node.hpp:41:68:[m[K [01;31m[Kerror: [m[Kâ€˜[01m[Kpoint_cloud_subscription_[m[Kâ€™ does not name a type; did you mean â€˜[01m[Krcl_subscription_t[m[Kâ€™?
[1.451s]      rclcpp::Subscription<sensor_msgs::msg::PointCloud2>::SharedPtr [01;31m[Kpoint_cloud_subscription_[m[K;
[1.451s]                                                                     [01;31m[K^~~~~~~~~~~~~~~~~~~~~~~~~[m[K
[1.451s]                                                                     [32m[Krcl_subscription_t[m[K
[1.451s] [01m[K/home/turgay/dev_ws/src/ros2_robot/ground_plane_estimator/include/ground_plane_estimator/ground_plane_estimator_node.hpp:42:41:[m[K [01;31m[Kerror: [m[Kâ€˜[01m[KPointCloud2[m[Kâ€™ is not a member of â€˜[01m[Ksensor_msgs::msg[m[Kâ€™
[1.452s]      rclcpp::Publisher<sensor_msgs::msg::[01;31m[KPointCloud2[m[K>::SharedPtr point_cloud_publisher_;
[1.452s]                                          [01;31m[K^~~~~~~~~~~[m[K
[1.452s] [01m[K/home/turgay/dev_ws/src/ros2_robot/ground_plane_estimator/include/ground_plane_estimator/ground_plane_estimator_node.hpp:42:41:[m[K [01;31m[Kerror: [m[Kâ€˜[01m[KPointCloud2[m[Kâ€™ is not a member of â€˜[01m[Ksensor_msgs::msg[m[Kâ€™
[1.452s] [01m[K/home/turgay/dev_ws/src/ros2_robot/ground_plane_estimator/include/ground_plane_estimator/ground_plane_estimator_node.hpp:42:52:[m[K [01;31m[Kerror: [m[Ktemplate argument 1 is invalid
[1.453s]      rclcpp::Publisher<sensor_msgs::msg::PointCloud2[01;31m[K>[m[K::SharedPtr point_cloud_publisher_;
[1.453s]                                                     [01;31m[K^[m[K
[1.453s] [01m[K/home/turgay/dev_ws/src/ros2_robot/ground_plane_estimator/include/ground_plane_estimator/ground_plane_estimator_node.hpp:42:55:[m[K [01;31m[Kerror: [m[Kexpected â€˜[01m[K;[m[Kâ€™ at end of member declaration
[1.453s]      rclcpp::Publisher<sensor_msgs::msg::PointCloud2>::[01;31m[KSharedPtr[m[K point_cloud_publisher_;
[1.453s]                                                        [01;31m[K^~~~~~~~~[m[K
[1.453s] [01m[K/home/turgay/dev_ws/src/ros2_robot/ground_plane_estimator/include/ground_plane_estimator/ground_plane_estimator_node.hpp:42:55:[m[K [01;31m[Kerror: [m[Kredeclaration of â€˜[01m[Kint GroundPlaneEstimatorNode::SharedPtr[m[Kâ€™
[1.454s] [01m[K/home/turgay/dev_ws/src/ros2_robot/ground_plane_estimator/include/ground_plane_estimator/ground_plane_estimator_node.hpp:41:58:[m[K [01;36m[Knote: [m[Kprevious declaration â€˜[01m[Kint GroundPlaneEstimatorNode::SharedPtr[m[Kâ€™
[1.454s]      rclcpp::Subscription<sensor_msgs::msg::PointCloud2>::[01;36m[KSharedPtr[m[K point_cloud_subscription_;
[1.454s]                                                           [01;36m[K^~~~~~~~~[m[K
[1.459s] [01m[K/home/turgay/dev_ws/src/ros2_robot/ground_plane_estimator/include/ground_plane_estimator/ground_plane_estimator_node.hpp:42:65:[m[K [01;31m[Kerror: [m[Kâ€˜[01m[Kpoint_cloud_publisher_[m[Kâ€™ does not name a type; did you mean â€˜[01m[Krmw_count_publishers[m[Kâ€™?
[1.460s]      rclcpp::Publisher<sensor_msgs::msg::PointCloud2>::SharedPtr [01;31m[Kpoint_cloud_publisher_[m[K;
[1.460s]                                                                  [01;31m[K^~~~~~~~~~~~~~~~~~~~~~[m[K
[1.460s]                                                                  [32m[Krmw_count_publishers[m[K
[2.327s] make[2]: *** [CMakeFiles/ground_plane_estimator_node.dir/src/ground_plane_estimator_node.cpp.o] Error 1
[2.327s] CMakeFiles/ground_plane_estimator_node.dir/build.make:62: recipe for target 'CMakeFiles/ground_plane_estimator_node.dir/src/ground_plane_estimator_node.cpp.o' failed
[2.328s] make[1]: *** [CMakeFiles/ground_plane_estimator_node.dir/all] Error 2
[2.328s] CMakeFiles/Makefile2:67: recipe for target 'CMakeFiles/ground_plane_estimator_node.dir/all' failed
[2.328s] Makefile:140: recipe for target 'all' failed
[2.328s] make: *** [all] Error 2
