[0.058s] Invoking command in '/home/turgay/dev_ws/src/ros2_robot/build/ground_plane_estimator': CMAKE_PREFIX_PATH=${CMAKE_PREFIX_PATH}:/opt/robot_devkit/tools/rdk_perf:/opt/robot_devkit/perception/handeye_dashboard:/opt/robot_devkit/perception/handeye:/opt/robot_devkit/perception/criutils:/opt/robot_devkit/perception/baldor:/opt/ros/dashing /usr/bin/cmake --build /home/turgay/dev_ws/src/ros2_robot/build/ground_plane_estimator -- -j12 -l12
[0.727s] -- Found ament_cmake: 0.7.4 (/opt/ros/dashing/share/ament_cmake/cmake)
[0.730s] -- Using PYTHON_EXECUTABLE: /usr/bin/python3
[0.731s] -- Override CMake install command with custom implementation using symlinks instead of copying resources
[0.732s] -- Found rclcpp: 0.7.13 (/opt/ros/dashing/share/rclcpp/cmake)
[0.733s] -- Found rosidl_adapter: 0.7.9 (/opt/ros/dashing/share/rosidl_adapter/cmake)
[0.734s] -- Found rmw_implementation_cmake: 0.7.2 (/opt/ros/dashing/share/rmw_implementation_cmake/cmake)
[0.735s] -- Using RMW implementation 'rmw_fastrtps_cpp' as default
[0.735s] -- Found std_msgs: 0.7.0 (/opt/ros/dashing/share/std_msgs/cmake)
[0.735s] -- Found rclcpp_components: 0.7.13 (/opt/ros/dashing/share/rclcpp_components/cmake)
[0.738s] -- Found poco_vendor:  (/opt/ros/dashing/share/poco_vendor/cmake)
[0.739s] -- Found nav_msgs: 0.7.0 (/opt/ros/dashing/share/nav_msgs/cmake)
[0.740s] -- Found sensor_msgs: 0.7.0 (/opt/ros/dashing/share/sensor_msgs/cmake)
[0.740s] -- Found cv_bridge: 2.1.4 (/opt/ros/dashing/share/cv_bridge/cmake)
[0.741s] -- Found tf2: 0.11.6 (/opt/ros/dashing/share/tf2/cmake)
[0.741s] -- Found tf2_ros: 0.11.6 (/opt/ros/dashing/share/tf2_ros/cmake)
[0.741s] -- Found image_transport: 2.1.1 (/opt/ros/dashing/share/image_transport/cmake)
[0.741s] -- Found tinyxml2_vendor:  (/opt/ros/dashing/share/tinyxml2_vendor/cmake)
[0.742s] -- Found pcl_conversions: 2.0.0 (/opt/ros/dashing/share/pcl_conversions/cmake)
[0.742s] -- Found pcl_msgs: 1.0.0 (/opt/ros/dashing/share/pcl_msgs/cmake)
[0.742s] -- Boost version: 1.65.1
[0.742s] -- Found the following Boost libraries:
[0.742s] --   system
[0.743s] --   filesystem
[0.743s] --   thread
[0.743s] --   chrono
[0.743s] --   date_time
[0.743s] --   atomic
[0.786s] -- Boost version: 1.65.1
[0.787s] -- Found the following Boost libraries:
[0.787s] --   system
[0.787s] --   filesystem
[0.787s] --   thread
[0.788s] --   date_time
[0.788s] --   iostreams
[0.788s] --   serialization
[0.788s] --   chrono
[0.788s] --   atomic
[0.788s] --   regex
[0.805s] -- Could NOT find ensenso (missing: ENSENSO_LIBRARY ENSENSO_INCLUDE_DIR) 
[0.806s] ** WARNING ** io features related to ensenso will be disabled
[0.809s] -- Could NOT find DAVIDSDK (missing: DAVIDSDK_LIBRARY DAVIDSDK_INCLUDE_DIR) 
[0.809s] ** WARNING ** io features related to davidSDK will be disabled
[0.810s] -- Could NOT find DSSDK (missing: _DSSDK_LIBRARIES) 
[0.810s] ** WARNING ** io features related to dssdk will be disabled
[0.810s] ** WARNING ** io features related to pcap will be disabled
[0.811s] ** WARNING ** io features related to png will be disabled
[0.875s] -- The imported target "vtkRenderingPythonTkWidgets" references the file
[0.876s]    "/usr/lib/x86_64-linux-gnu/libvtkRenderingPythonTkWidgets.so"
[0.876s] but this file does not exist.  Possible reasons include:
[0.876s] * The file was deleted, renamed, or moved to another location.
[0.876s] * An install or uninstall procedure did not complete successfully.
[0.877s] * The installation package was faulty and contained
[0.877s]    "/usr/lib/cmake/vtk-6.3/VTKTargets.cmake"
[0.877s] but not all the files it references.
[0.877s] 
[0.877s] -- The imported target "vtk" references the file
[0.877s]    "/usr/bin/vtk"
[0.878s] but this file does not exist.  Possible reasons include:
[0.878s] * The file was deleted, renamed, or moved to another location.
[0.878s] * An install or uninstall procedure did not complete successfully.
[0.878s] * The installation package was faulty and contained
[0.878s]    "/usr/lib/cmake/vtk-6.3/VTKTargets.cmake"
[0.878s] but not all the files it references.
[0.878s] 
[0.929s] ** WARNING ** io features related to libusb-1.0 will be disabled
[0.968s] -- Could NOT find ensenso (missing: ENSENSO_LIBRARY ENSENSO_INCLUDE_DIR) 
[0.968s] ** WARNING ** visualization features related to ensenso will be disabled
[0.971s] -- Could NOT find DAVIDSDK (missing: DAVIDSDK_LIBRARY DAVIDSDK_INCLUDE_DIR) 
[0.972s] ** WARNING ** visualization features related to davidSDK will be disabled
[0.972s] -- Could NOT find DSSDK (missing: _DSSDK_LIBRARIES) 
[0.972s] ** WARNING ** visualization features related to dssdk will be disabled
[0.973s] -- Could NOT find RSSDK (missing: _RSSDK_LIBRARIES) 
[0.973s] ** WARNING ** visualization features related to rssdk will be disabled
[1.021s] -- looking for PCL_COMMON
[1.021s] -- looking for PCL_OCTREE
[1.022s] -- looking for PCL_IO
[1.022s] -- looking for PCL_KDTREE
[1.023s] -- looking for PCL_SEARCH
[1.024s] -- looking for PCL_SAMPLE_CONSENSUS
[1.024s] -- looking for PCL_FILTERS
[1.025s] -- looking for PCL_2D
[1.026s] -- looking for PCL_GEOMETRY
[1.026s] -- looking for PCL_FEATURES
[1.027s] -- looking for PCL_ML
[1.028s] -- looking for PCL_SEGMENTATION
[1.029s] -- looking for PCL_VISUALIZATION
[1.030s] -- looking for PCL_SURFACE
[1.031s] -- looking for PCL_REGISTRATION
[1.031s] -- looking for PCL_KEYPOINTS
[1.032s] -- looking for PCL_TRACKING
[1.032s] -- looking for PCL_RECOGNITION
[1.033s] -- looking for PCL_STEREO
[1.034s] -- looking for PCL_APPS
[1.036s] -- looking for PCL_IN_HAND_SCANNER
[1.037s] -- looking for PCL_MODELER
[1.037s] -- looking for PCL_POINT_CLOUD_EDITOR
[1.037s] -- looking for PCL_OUTOFCORE
[1.038s] -- looking for PCL_PEOPLE
[1.062s] -- Found ament_lint_auto: 0.7.11 (/opt/ros/dashing/share/ament_lint_auto/cmake)
[1.324s] -- Added test 'copyright' to check for copyright in CMake / C / C++ / Python code
[1.325s] -- Added test 'cppcheck' to perform static code analysis on C / C++ code
[1.325s] -- Configured cppcheck include dirs: /home/turgay/dev_ws/src/ros2_robot/ground_plane_estimator/include
[1.326s] -- Added test 'cpplint' to check C / C++ code against the Google style
[1.326s] -- Added test 'lint_cmake' to check CMake code style
[1.327s] -- Added test 'uncrustify' to check C / C++ code style
[1.327s] -- Added test 'xmllint' to check XML markup files
[1.330s] -- Configuring done
[1.379s] -- Generating done
[1.382s] -- Build files have been written to: /home/turgay/dev_ws/src/ros2_robot/build/ground_plane_estimator
[1.478s] [ 50%] [32m[1mLinking CXX executable ground_plane_estimator_node[0m
[2.695s] /usr/bin/ld: cannot find -lpcl_range_image
[2.696s] /usr/bin/ld: cannot find -lpcl_range_image_border_extractor
[2.696s] collect2: error: ld returned 1 exit status
[2.698s] CMakeFiles/ground_plane_estimator_node.dir/build.make:252: recipe for target 'ground_plane_estimator_node' failed
[2.698s] make[2]: *** [ground_plane_estimator_node] Error 1
[2.698s] CMakeFiles/Makefile2:67: recipe for target 'CMakeFiles/ground_plane_estimator_node.dir/all' failed
[2.699s] make[1]: *** [CMakeFiles/ground_plane_estimator_node.dir/all] Error 2
[2.699s] Makefile:140: recipe for target 'all' failed
[2.699s] make: *** [all] Error 2
[2.702s] Invoked command in '/home/turgay/dev_ws/src/ros2_robot/build/ground_plane_estimator' returned '2': CMAKE_PREFIX_PATH=${CMAKE_PREFIX_PATH}:/opt/robot_devkit/tools/rdk_perf:/opt/robot_devkit/perception/handeye_dashboard:/opt/robot_devkit/perception/handeye:/opt/robot_devkit/perception/criutils:/opt/robot_devkit/perception/baldor:/opt/ros/dashing /usr/bin/cmake --build /home/turgay/dev_ws/src/ros2_robot/build/ground_plane_estimator -- -j12 -l12
