[1.156s] [01m[K/home/turgay/dev_ws/src/ros2_robot/ground_plane_estimator/src/ground_plane_estimator_node.cpp:[m[K In constructor â€˜[01m[KGroundPlaneEstimatorNode::GroundPlaneEstimatorNode()[m[Kâ€™:
[1.157s] [01m[K/home/turgay/dev_ws/src/ros2_robot/ground_plane_estimator/src/ground_plane_estimator_node.cpp:15:140:[m[K [01;31m[Kerror: [m[Kâ€˜[01m[K_1[m[Kâ€™ was not declared in this scope
[1.157s]  scription<std_msgs::msg::String>("topic", 10, std::bind(&GroundPlaneEstimatorNode::topic_callback, this, [01;31m[K_1[m[K));
[1.157s]                                                                                                           [01;31m[K^~[m[K
[1.157s] [01m[K/home/turgay/dev_ws/src/ros2_robot/ground_plane_estimator/src/ground_plane_estimator_node.cpp:15:140:[m[K [01;36m[Knote: [m[Ksuggested alternative:
[1.157s] In file included from [01m[K/home/turgay/dev_ws/src/ros2_robot/ground_plane_estimator/src/ground_plane_estimator_node.cpp:3:0[m[K:
[1.158s] [01m[K/usr/include/c++/7/functional:275:34:[m[K [01;36m[Knote: [m[K  â€˜[01m[Kstd::placeholders::_1[m[Kâ€™
[1.158s]      extern const _Placeholder<1> [01;36m[K_1[m[K;
[1.158s]                                   [01;36m[K^~[m[K
[1.569s] make[2]: *** [CMakeFiles/ground_plane_estimator_node.dir/src/ground_plane_estimator_node.cpp.o] Error 1
[1.569s] make[1]: *** [CMakeFiles/ground_plane_estimator_node.dir/all] Error 2
[1.570s] make: *** [all] Error 2
