[0.096s] [35m[1mScanning dependencies of target ground_plane_estimator_node[0m
[0.150s] [ 50%] [32mBuilding CXX object CMakeFiles/ground_plane_estimator_node.dir/src/ground_plane_estimator_node.cpp.o[0m
[1.288s] In file included from [01m[K/home/turgay/dev_ws/src/ros2_robot/ground_plane_estimator/src/ground_plane_estimator_node.cpp:7:0[m[K:
[1.288s] [01m[K/home/turgay/dev_ws/src/ros2_robot/ground_plane_estimator/include/ground_plane_estimator/ground_plane_estimator_node.hpp:50:54:[m[K [01;31m[Kerror: [m[Kâ€˜[01m[KImageConstPtr[m[Kâ€™ in namespace â€˜[01m[Ksensor_msgs[m[Kâ€™ does not name a type
[1.288s]      void imageColorEdgeDetection( const sensor_msgs::[01;31m[KImageConstPtr[m[K& msg,
[1.288s]                                                       [01;31m[K^~~~~~~~~~~~~[m[K
[2.142s] CMakeFiles/ground_plane_estimator_node.dir/build.make:62: recipe for target 'CMakeFiles/ground_plane_estimator_node.dir/src/ground_plane_estimator_node.cpp.o' failed
[2.142s] make[2]: *** [CMakeFiles/ground_plane_estimator_node.dir/src/ground_plane_estimator_node.cpp.o] Error 1
[2.142s] CMakeFiles/Makefile2:67: recipe for target 'CMakeFiles/ground_plane_estimator_node.dir/all' failed
[2.143s] make[1]: *** [CMakeFiles/ground_plane_estimator_node.dir/all] Error 2
[2.143s] make: *** [all] Error 2
[2.143s] Makefile:140: recipe for target 'all' failed
