[1.791s] [01m[K/home/turgay/dev_ws/src/ros2_robot/ground_plane_estimator/src/ground_plane_estimator_node.cpp:[m[K In member function â€˜[01m[Kvoid GroundPlaneEstimatorNode::imageColorEdgeDetection(const ConstSharedPtr&, const ConstSharedPtr&)[m[Kâ€™:
[1.791s] [01m[K/home/turgay/dev_ws/src/ros2_robot/ground_plane_estimator/src/ground_plane_estimator_node.cpp:58:42:[m[K [01;31m[Kerror: [m[Kâ€˜[01m[KRGB8[m[Kâ€™ was not declared in this scope
[1.792s]        cv_ptr = cv_bridge::toCvCopy( msg, [01;31m[KRGB8[m[K );
[1.792s]                                           [01;31m[K^~~~[m[K
[1.793s] [01m[K/home/turgay/dev_ws/src/ros2_robot/ground_plane_estimator/src/ground_plane_estimator_node.cpp:58:42:[m[K [01;36m[Knote: [m[Ksuggested alternative:
[1.793s] In file included from [01m[K/opt/ros/dashing/include/cv_bridge/cv_bridge.h:42:0[m[K,
[1.793s]                  from [01m[K/home/turgay/dev_ws/src/ros2_robot/ground_plane_estimator/include/ground_plane_estimator/ground_plane_estimator_node.hpp:21[m[K,
[1.794s]                  from [01m[K/home/turgay/dev_ws/src/ros2_robot/ground_plane_estimator/src/ground_plane_estimator_node.cpp:7[m[K:
[1.794s] [01m[K/opt/ros/dashing/include/sensor_msgs/image_encodings.hpp:47:12:[m[K [01;36m[Knote: [m[K  â€˜[01m[Ksensor_msgs::image_encodings::RGB8[m[Kâ€™
[1.795s]  const char [01;36m[KRGB8[m[K[] = "rgb8";
[1.795s]             [01;36m[K^~~~[m[K
[1.795s] [01m[K/home/turgay/dev_ws/src/ros2_robot/ground_plane_estimator/src/ground_plane_estimator_node.cpp:55:162:[m[K [01;35m[Kwarning: [m[Kunused parameter â€˜[01m[Kpoint_msg[m[Kâ€™ [[01;35m[K-Wunused-parameter[m[K]
[1.796s]  nsor_msgs::msg::Image::ConstSharedPtr& msg, const sensor_msgs::msg::PointCloud2::ConstSharedPtr & [01;35m[Kpoint_msg[m[K) {
[1.796s]                                                                                                    [01;35m[K^~~~~~~~~[m[K
[2.423s] make[2]: *** [CMakeFiles/ground_plane_estimator_node.dir/src/ground_plane_estimator_node.cpp.o] Error 1
[2.424s] make[1]: *** [CMakeFiles/ground_plane_estimator_node.dir/all] Error 2
[2.424s] make: *** [all] Error 2
