[0.194s] Invoking command in '/home/turgay/dev_ws/src/ros2_robot/build/ground_plane_estimator': CMAKE_PREFIX_PATH=${CMAKE_PREFIX_PATH}:/opt/robot_devkit/tools/rdk_perf:/opt/robot_devkit/perception/handeye_dashboard:/opt/robot_devkit/perception/handeye:/opt/robot_devkit/perception/criutils:/opt/robot_devkit/perception/baldor:/opt/ros/dashing /usr/bin/cmake /home/turgay/dev_ws/src/ros2_robot/ground_plane_estimator -DCMAKE_INSTALL_PREFIX=/home/turgay/dev_ws/src/ros2_robot/install/ground_plane_estimator
[0.928s] -- Found ament_cmake: 0.7.4 (/opt/ros/dashing/share/ament_cmake/cmake)
[1.111s] -- Using PYTHON_EXECUTABLE: /usr/bin/python3
[1.525s] -- Override CMake install command with custom implementation using symlinks instead of copying resources
[1.881s] -- Found rclcpp: 0.7.13 (/opt/ros/dashing/share/rclcpp/cmake)
[2.415s] -- Found rosidl_adapter: 0.7.9 (/opt/ros/dashing/share/rosidl_adapter/cmake)
[2.537s] -- Found rmw_implementation_cmake: 0.7.2 (/opt/ros/dashing/share/rmw_implementation_cmake/cmake)
[2.555s] -- Using RMW implementation 'rmw_fastrtps_cpp' as default
[2.864s] -- Found std_msgs: 0.7.0 (/opt/ros/dashing/share/std_msgs/cmake)
[2.918s] -- Found rclcpp_components: 0.7.13 (/opt/ros/dashing/share/rclcpp_components/cmake)
[2.961s] -- Found poco_vendor:  (/opt/ros/dashing/share/poco_vendor/cmake)
[3.046s] -- Found nav_msgs: 0.7.0 (/opt/ros/dashing/share/nav_msgs/cmake)
[3.141s] -- Found sensor_msgs: 0.7.0 (/opt/ros/dashing/share/sensor_msgs/cmake)
[3.179s] -- Found cv_bridge: 2.1.4 (/opt/ros/dashing/share/cv_bridge/cmake)
[3.227s] -- Found tf2: 0.11.6 (/opt/ros/dashing/share/tf2/cmake)
[3.245s] -- Found tf2_ros: 0.11.6 (/opt/ros/dashing/share/tf2_ros/cmake)
[3.366s] -- Found image_transport: 2.1.1 (/opt/ros/dashing/share/image_transport/cmake)
[3.413s] -- Found tinyxml2_vendor:  (/opt/ros/dashing/share/tinyxml2_vendor/cmake)
[3.686s] -- Found pcl_conversions: 2.0.0 (/opt/ros/dashing/share/pcl_conversions/cmake)
[3.714s] -- Found pcl_msgs: 1.0.0 (/opt/ros/dashing/share/pcl_msgs/cmake)
[3.991s] -- Boost version: 1.65.1
[3.992s] -- Found the following Boost libraries:
[3.992s] --   system
[3.992s] --   filesystem
[3.992s] --   thread
[3.992s] --   chrono
[3.993s] --   date_time
[3.993s] --   atomic
[4.125s] -- Boost version: 1.65.1
[4.126s] -- Found the following Boost libraries:
[4.126s] --   system
[4.126s] --   filesystem
[4.126s] --   thread
[4.127s] --   date_time
[4.127s] --   iostreams
[4.127s] --   serialization
[4.127s] --   chrono
[4.128s] --   atomic
[4.128s] --   regex
[4.151s] -- Could NOT find ensenso (missing: ENSENSO_LIBRARY ENSENSO_INCLUDE_DIR) 
[4.151s] ** WARNING ** io features related to ensenso will be disabled
[4.155s] -- Could NOT find DAVIDSDK (missing: DAVIDSDK_LIBRARY DAVIDSDK_INCLUDE_DIR) 
[4.156s] ** WARNING ** io features related to davidSDK will be disabled
[4.157s] -- Could NOT find DSSDK (missing: _DSSDK_LIBRARIES) 
[4.157s] ** WARNING ** io features related to dssdk will be disabled
[4.158s] ** WARNING ** io features related to pcap will be disabled
[4.158s] ** WARNING ** io features related to png will be disabled
[4.325s] -- The imported target "vtkRenderingPythonTkWidgets" references the file
[4.325s]    "/usr/lib/x86_64-linux-gnu/libvtkRenderingPythonTkWidgets.so"
[4.325s] but this file does not exist.  Possible reasons include:
[4.326s] * The file was deleted, renamed, or moved to another location.
[4.326s] * An install or uninstall procedure did not complete successfully.
[4.326s] * The installation package was faulty and contained
[4.326s]    "/usr/lib/cmake/vtk-6.3/VTKTargets.cmake"
[4.326s] but not all the files it references.
[4.327s] 
[4.327s] -- The imported target "vtk" references the file
[4.327s]    "/usr/bin/vtk"
[4.327s] but this file does not exist.  Possible reasons include:
[4.328s] * The file was deleted, renamed, or moved to another location.
[4.328s] * An install or uninstall procedure did not complete successfully.
[4.328s] * The installation package was faulty and contained
[4.328s]    "/usr/lib/cmake/vtk-6.3/VTKTargets.cmake"
[4.328s] but not all the files it references.
[4.329s] 
[4.747s] ** WARNING ** io features related to libusb-1.0 will be disabled
[4.782s] -- Could NOT find ensenso (missing: ENSENSO_LIBRARY ENSENSO_INCLUDE_DIR) 
[4.782s] ** WARNING ** visualization features related to ensenso will be disabled
[4.785s] -- Could NOT find DAVIDSDK (missing: DAVIDSDK_LIBRARY DAVIDSDK_INCLUDE_DIR) 
[4.786s] ** WARNING ** visualization features related to davidSDK will be disabled
[4.787s] -- Could NOT find DSSDK (missing: _DSSDK_LIBRARIES) 
[4.787s] ** WARNING ** visualization features related to dssdk will be disabled
[4.787s] -- Could NOT find RSSDK (missing: _RSSDK_LIBRARIES) 
[4.788s] ** WARNING ** visualization features related to rssdk will be disabled
[4.833s] -- looking for PCL_COMMON
[4.834s] -- looking for PCL_OCTREE
[4.834s] -- looking for PCL_IO
[4.835s] -- looking for PCL_KDTREE
[4.835s] -- looking for PCL_SEARCH
[4.836s] -- looking for PCL_SAMPLE_CONSENSUS
[4.836s] -- looking for PCL_FILTERS
[4.837s] -- looking for PCL_2D
[4.837s] -- looking for PCL_GEOMETRY
[4.837s] -- looking for PCL_FEATURES
[4.838s] -- looking for PCL_ML
[4.838s] -- looking for PCL_SEGMENTATION
[4.839s] -- looking for PCL_VISUALIZATION
[4.840s] -- looking for PCL_SURFACE
[4.840s] -- looking for PCL_REGISTRATION
[4.841s] -- looking for PCL_KEYPOINTS
[4.841s] -- looking for PCL_TRACKING
[4.842s] -- looking for PCL_RECOGNITION
[4.843s] -- looking for PCL_STEREO
[4.843s] -- looking for PCL_APPS
[4.846s] -- looking for PCL_IN_HAND_SCANNER
[4.846s] -- looking for PCL_MODELER
[4.847s] -- looking for PCL_POINT_CLOUD_EDITOR
[4.847s] -- looking for PCL_OUTOFCORE
[4.848s] -- looking for PCL_PEOPLE
[4.872s] -- Found ament_lint_auto: 0.7.11 (/opt/ros/dashing/share/ament_lint_auto/cmake)
[5.323s] -- Added test 'copyright' to check for copyright in CMake / C / C++ / Python code
[5.325s] -- Added test 'cppcheck' to perform static code analysis on C / C++ code
[5.327s] -- Configured cppcheck include dirs: /home/turgay/dev_ws/src/ros2_robot/ground_plane_estimator/include
[5.328s] -- Added test 'cpplint' to check C / C++ code against the Google style
[5.330s] -- Added test 'lint_cmake' to check CMake code style
[5.332s] -- Added test 'uncrustify' to check C / C++ code style
[5.333s] -- Added test 'xmllint' to check XML markup files
[5.354s] -- Configuring done
[6.117s] -- Generating done
[6.122s] -- Build files have been written to: /home/turgay/dev_ws/src/ros2_robot/build/ground_plane_estimator
[6.133s] Invoked command in '/home/turgay/dev_ws/src/ros2_robot/build/ground_plane_estimator' returned '0': CMAKE_PREFIX_PATH=${CMAKE_PREFIX_PATH}:/opt/robot_devkit/tools/rdk_perf:/opt/robot_devkit/perception/handeye_dashboard:/opt/robot_devkit/perception/handeye:/opt/robot_devkit/perception/criutils:/opt/robot_devkit/perception/baldor:/opt/ros/dashing /usr/bin/cmake /home/turgay/dev_ws/src/ros2_robot/ground_plane_estimator -DCMAKE_INSTALL_PREFIX=/home/turgay/dev_ws/src/ros2_robot/install/ground_plane_estimator
[6.136s] Invoking command in '/home/turgay/dev_ws/src/ros2_robot/build/ground_plane_estimator': CMAKE_PREFIX_PATH=${CMAKE_PREFIX_PATH}:/opt/robot_devkit/tools/rdk_perf:/opt/robot_devkit/perception/handeye_dashboard:/opt/robot_devkit/perception/handeye:/opt/robot_devkit/perception/criutils:/opt/robot_devkit/perception/baldor:/opt/ros/dashing /usr/bin/cmake --build /home/turgay/dev_ws/src/ros2_robot/build/ground_plane_estimator -- -j12 -l12
[6.435s] [ 50%] [32m[1mLinking CXX executable ground_plane_estimator_node[0m
[9.458s] /usr/bin/ld: warning: libopencv_imgproc.so.3.2, needed by /opt/ros/dashing/lib/libcv_bridge.so, may conflict with libopencv_imgproc.so.3.4
[9.458s] /usr/bin/ld: warning: libopencv_core.so.3.2, needed by /opt/ros/dashing/lib/libcv_bridge.so, may conflict with libopencv_core.so.3.4
[9.459s] CMakeFiles/ground_plane_estimator_node.dir/src/ground_plane_estimator_node.cpp.o: In function `void pcl::detail::FieldMapper<pcl::PointXYZRGB>::operator()<pcl::fields::x>()':
[9.459s] ground_plane_estimator_node.cpp:(.text._ZN3pcl6detail11FieldMapperINS_11PointXYZRGBEEclINS_6fields1xEEEvv[_ZN3pcl6detail11FieldMapperINS_11PointXYZRGBEEclINS_6fields1xEEEvv]+0x1b6): undefined reference to `pcl::console::print(pcl::console::VERBOSITY_LEVEL, char const*, ...)'
[9.459s] CMakeFiles/ground_plane_estimator_node.dir/src/ground_plane_estimator_node.cpp.o: In function `void pcl::detail::FieldMapper<pcl::PointXYZRGB>::operator()<pcl::fields::y>()':
[9.459s] ground_plane_estimator_node.cpp:(.text._ZN3pcl6detail11FieldMapperINS_11PointXYZRGBEEclINS_6fields1yEEEvv[_ZN3pcl6detail11FieldMapperINS_11PointXYZRGBEEclINS_6fields1yEEEvv]+0x1b6): undefined reference to `pcl::console::print(pcl::console::VERBOSITY_LEVEL, char const*, ...)'
[9.460s] CMakeFiles/ground_plane_estimator_node.dir/src/ground_plane_estimator_node.cpp.o: In function `void pcl::detail::FieldMapper<pcl::PointXYZRGB>::operator()<pcl::fields::z>()':
[9.460s] ground_plane_estimator_node.cpp:(.text._ZN3pcl6detail11FieldMapperINS_11PointXYZRGBEEclINS_6fields1zEEEvv[_ZN3pcl6detail11FieldMapperINS_11PointXYZRGBEEclINS_6fields1zEEEvv]+0x1b6): undefined reference to `pcl::console::print(pcl::console::VERBOSITY_LEVEL, char const*, ...)'
[9.460s] CMakeFiles/ground_plane_estimator_node.dir/src/ground_plane_estimator_node.cpp.o: In function `void pcl::detail::FieldMapper<pcl::PointXYZRGB>::operator()<pcl::fields::rgb>()':
[9.460s] ground_plane_estimator_node.cpp:(.text._ZN3pcl6detail11FieldMapperINS_11PointXYZRGBEEclINS_6fields3rgbEEEvv[_ZN3pcl6detail11FieldMapperINS_11PointXYZRGBEEclINS_6fields3rgbEEEvv]+0x1b6): undefined reference to `pcl::console::print(pcl::console::VERBOSITY_LEVEL, char const*, ...)'
[9.460s] collect2: error: ld returned 1 exit status
[9.461s] make[2]: *** [ground_plane_estimator_node] Error 1
[9.462s] CMakeFiles/ground_plane_estimator_node.dir/build.make:252: recipe for target 'ground_plane_estimator_node' failed
[9.462s] make[1]: *** [CMakeFiles/ground_plane_estimator_node.dir/all] Error 2
[9.462s] CMakeFiles/Makefile2:67: recipe for target 'CMakeFiles/ground_plane_estimator_node.dir/all' failed
[9.462s] Makefile:140: recipe for target 'all' failed
[9.462s] make: *** [all] Error 2
[9.465s] Invoked command in '/home/turgay/dev_ws/src/ros2_robot/build/ground_plane_estimator' returned '2': CMAKE_PREFIX_PATH=${CMAKE_PREFIX_PATH}:/opt/robot_devkit/tools/rdk_perf:/opt/robot_devkit/perception/handeye_dashboard:/opt/robot_devkit/perception/handeye:/opt/robot_devkit/perception/criutils:/opt/robot_devkit/perception/baldor:/opt/ros/dashing /usr/bin/cmake --build /home/turgay/dev_ws/src/ros2_robot/build/ground_plane_estimator -- -j12 -l12
