[1.278s] [01m[K/home/turgay/dev_ws/src/ros2_robot/ground_plane_estimator/src/ground_plane_estimator_node.cpp:[m[K In constructor â€˜[01m[KGroundPlaneEstimatorNode::GroundPlaneEstimatorNode()[m[Kâ€™:
[1.279s] [01m[K/home/turgay/dev_ws/src/ros2_robot/ground_plane_estimator/src/ground_plane_estimator_node.cpp:19:14:[m[K [01;31m[Kerror: [m[Kâ€˜[01m[Kit[m[Kâ€™ was not declared in this scope
[1.279s]    auto sub = [01;31m[Kit[m[K.subscribe("in_image_base_topic", 1, imageCallback);
[1.279s]               [01;31m[K^~[m[K
[1.279s] [01m[K/home/turgay/dev_ws/src/ros2_robot/ground_plane_estimator/src/ground_plane_estimator_node.cpp:19:14:[m[K [01;36m[Knote: [m[Ksuggested alternative: â€˜[01m[Kint[m[Kâ€™
[1.280s]    auto sub = [01;36m[Kit[m[K.subscribe("in_image_base_topic", 1, imageCallback);
[1.280s]               [01;36m[K^~[m[K
[1.280s]               [32m[Kint[m[K
[1.280s] [01m[K/home/turgay/dev_ws/src/ros2_robot/ground_plane_estimator/src/ground_plane_estimator_node.cpp:19:53:[m[K [01;31m[Kerror: [m[Kâ€˜[01m[KimageCallback[m[Kâ€™ was not declared in this scope
[1.280s]    auto sub = it.subscribe("in_image_base_topic", 1, [01;31m[KimageCallback[m[K);
[1.281s]                                                      [01;31m[K^~~~~~~~~~~~~[m[K
[1.281s] [01m[K/home/turgay/dev_ws/src/ros2_robot/ground_plane_estimator/src/ground_plane_estimator_node.cpp:19:53:[m[K [01;36m[Knote: [m[Ksuggested alternative: â€˜[01m[Kimage_callback[m[Kâ€™
[1.281s]    auto sub = it.subscribe("in_image_base_topic", 1, [01;36m[KimageCallback[m[K);
[1.281s]                                                      [01;36m[K^~~~~~~~~~~~~[m[K
[1.281s]                                                      [32m[Kimage_callback[m[K
[1.296s] [01m[K/home/turgay/dev_ws/src/ros2_robot/ground_plane_estimator/src/ground_plane_estimator_node.cpp:[m[K In member function â€˜[01m[Kvoid GroundPlaneEstimatorNode::image_callback(const ConstSharedPtr&)[m[Kâ€™:
[1.297s] [01m[K/home/turgay/dev_ws/src/ros2_robot/ground_plane_estimator/src/ground_plane_estimator_node.cpp:36:95:[m[K [01;35m[Kwarning: [m[Kunused parameter â€˜[01m[Kmsg[m[Kâ€™ [[01;35m[K-Wunused-parameter[m[K]
[1.297s]  void GroundPlaneEstimatorNode::image_callback(const sensor_msgs::msg::Image::ConstSharedPtr & [01;35m[Kmsg[m[K) {
[1.297s]                                                                                                [01;35m[K^~~[m[K
[2.031s] make[2]: *** [CMakeFiles/ground_plane_estimator_node.dir/src/ground_plane_estimator_node.cpp.o] Error 1
[2.032s] make[1]: *** [CMakeFiles/ground_plane_estimator_node.dir/all] Error 2
[2.032s] make: *** [all] Error 2
