[0.110s] [35m[1mScanning dependencies of target ground_plane_estimator_node[0m
[0.205s] [ 50%] [32mBuilding CXX object CMakeFiles/ground_plane_estimator_node.dir/src/ground_plane_estimator_node.cpp.o[0m
[6.616s] In file included from [01m[K/usr/include/pcl-1.8/pcl/sample_consensus/sac_model.h:52:0[m[K,
[6.617s]                  from [01m[K/usr/include/pcl-1.8/pcl/sample_consensus/sac.h:45[m[K,
[6.617s]                  from [01m[K/usr/include/pcl-1.8/pcl/segmentation/sac_segmentation.h:49[m[K,
[6.617s]                  from [01m[K/home/turgay/dev_ws/src/ros2_robot/ground_plane_estimator/include/ground_plane_estimator/ground_plane_estimator_node.hpp:34[m[K,
[6.617s]                  from [01m[K/home/turgay/dev_ws/src/ros2_robot/ground_plane_estimator/src/ground_plane_estimator_node.cpp:7[m[K:
[6.617s] [01m[K/usr/include/pcl-1.8/pcl/sample_consensus/model_types.h:[m[K In function â€˜[01m[Kvoid __static_initialization_and_destruction_0(int, int)[m[Kâ€™:
[6.617s] [01m[K/usr/include/pcl-1.8/pcl/sample_consensus/model_types.h:99:3:[m[K [01;35m[Kwarning: [m[Kâ€˜[01m[Kpcl::SAC_SAMPLE_SIZE[m[Kâ€™ is deprecated: This map is deprecated and is kept only to prevent breaking existing user code. Starting from PCL 1.8.0 model sample size is a protected member of the SampleConsensusModel class [[01;35m[K-Wdeprecated-declarations[m[K]
[6.618s]    [01;35m[KSAC_SAMPLE_SIZE[m[K (sample_size_pairs, sample_size_pairs + sizeof (sample_size_pairs) / sizeof (SampleSizeModel));
[6.618s]    [01;35m[K^~~~~~~~~~~~~~~[m[K
[6.618s] [01m[K/usr/include/pcl-1.8/pcl/sample_consensus/model_types.h:99:3:[m[K [01;36m[Knote: [m[Kdeclared here
[8.657s] [100%] [32m[1mLinking CXX executable ground_plane_estimator_node[0m
[9.194s] /usr/bin/ld: cannot find -lpcl_range_image
[9.194s] /usr/bin/ld: cannot find -lpcl_range_image_border_extractor
[9.194s] collect2: error: ld returned 1 exit status
[9.196s] CMakeFiles/ground_plane_estimator_node.dir/build.make:252: recipe for target 'ground_plane_estimator_node' failed
[9.197s] make[2]: *** [ground_plane_estimator_node] Error 1
[9.197s] make[1]: *** [CMakeFiles/ground_plane_estimator_node.dir/all] Error 2
[9.198s] CMakeFiles/Makefile2:67: recipe for target 'CMakeFiles/ground_plane_estimator_node.dir/all' failed
[9.198s] Makefile:140: recipe for target 'all' failed
[9.198s] make: *** [all] Error 2
