[0.375s] [35m[1mScanning dependencies of target ground_plane_estimator_node[0m
[0.376s] [ 50%] [32mBuilding CXX object CMakeFiles/ground_plane_estimator_node.dir/src/ground_plane_estimator_node.cpp.o[0m
[1.124s] [01m[K/home/turgay/dev_ws/src/ros2_robot/ground_plane_estimator/src/ground_plane_estimator_node.cpp:[m[K In constructor â€˜[01m[KGroundPlaneEstimatorNode::GroundPlaneEstimatorNode()[m[Kâ€™:
[1.125s] [01m[K/home/turgay/dev_ws/src/ros2_robot/ground_plane_estimator/src/ground_plane_estimator_node.cpp:16:81:[m[K [01;31m[Kerror: [m[Kâ€˜[01m[K_1[m[Kâ€™ was not declared in this scope
[1.125s]          "topic", 10, std::bind(&GroundPlaneEstimatorNode::topic_callback, this, [01;31m[K_1[m[K));
[1.125s]                                                                                  [01;31m[K^~[m[K
[1.125s] [01m[K/home/turgay/dev_ws/src/ros2_robot/ground_plane_estimator/src/ground_plane_estimator_node.cpp:16:81:[m[K [01;36m[Knote: [m[Ksuggested alternative:
[1.125s] In file included from [01m[K/home/turgay/dev_ws/src/ros2_robot/ground_plane_estimator/src/ground_plane_estimator_node.cpp:3:0[m[K:
[1.125s] [01m[K/usr/include/c++/7/functional:275:34:[m[K [01;36m[Knote: [m[K  â€˜[01m[Kstd::placeholders::_1[m[Kâ€™
[1.125s]      extern const _Placeholder<1> [01;36m[K_1[m[K;
[1.126s]                                   [01;36m[K^~[m[K
[1.526s] CMakeFiles/ground_plane_estimator_node.dir/build.make:62: recipe for target 'CMakeFiles/ground_plane_estimator_node.dir/src/ground_plane_estimator_node.cpp.o' failed
[1.527s] make[2]: *** [CMakeFiles/ground_plane_estimator_node.dir/src/ground_plane_estimator_node.cpp.o] Error 1
[1.527s] make[1]: *** [CMakeFiles/ground_plane_estimator_node.dir/all] Error 2
[1.527s] CMakeFiles/Makefile2:67: recipe for target 'CMakeFiles/ground_plane_estimator_node.dir/all' failed
[1.527s] Makefile:140: recipe for target 'all' failed
[1.528s] make: *** [all] Error 2
