[0.096s] [35m[1mScanning dependencies of target ground_plane_estimator_node[0m
[0.159s] [ 50%] [32mBuilding CXX object CMakeFiles/ground_plane_estimator_node.dir/src/ground_plane_estimator_node.cpp.o[0m
[1.677s] In file included from [01m[K/opt/ros/dashing/include/rclcpp/service.hpp:33:0[m[K,
[1.678s]                  from [01m[K/opt/ros/dashing/include/rclcpp/callback_group.hpp:25[m[K,
[1.678s]                  from [01m[K/opt/ros/dashing/include/rclcpp/any_executable.hpp:20[m[K,
[1.678s]                  from [01m[K/opt/ros/dashing/include/rclcpp/memory_strategy.hpp:24[m[K,
[1.678s]                  from [01m[K/opt/ros/dashing/include/rclcpp/memory_strategies.hpp:18[m[K,
[1.678s]                  from [01m[K/opt/ros/dashing/include/rclcpp/executor.hpp:33[m[K,
[1.678s]                  from [01m[K/opt/ros/dashing/include/rclcpp/executors/multi_threaded_executor.hpp:24[m[K,
[1.678s]                  from [01m[K/opt/ros/dashing/include/rclcpp/executors.hpp:21[m[K,
[1.678s]                  from [01m[K/opt/ros/dashing/include/rclcpp/rclcpp.hpp:144[m[K,
[1.678s]                  from [01m[K/home/turgay/dev_ws/src/ros2_robot/ground_plane_estimator/include/ground_plane_estimator/ground_plane_estimator_node.hpp:18[m[K,
[1.679s]                  from [01m[K/home/turgay/dev_ws/src/ros2_robot/ground_plane_estimator/src/ground_plane_estimator_node.cpp:7[m[K:
[1.679s] [01m[K/home/turgay/dev_ws/src/ros2_robot/ground_plane_estimator/src/ground_plane_estimator_node.cpp:[m[K In function â€˜[01m[Kvoid imageColorEdgeDetection(const ConstSharedPtr&, const ConstSharedPtr&)[m[Kâ€™:
[1.679s] [01m[K/opt/ros/dashing/include/rclcpp/logging.hpp:490:5:[m[K [01;31m[Kerror: [m[Kstatic assertion failed: First argument to logging macros must be an rclcpp::Logger
[1.679s]      [01;31m[Ks[m[Ktatic_assert( \
[1.679s]      [01;31m[K^[m[K
[1.679s] [01m[K/home/turgay/dev_ws/src/ros2_robot/ground_plane_estimator/src/ground_plane_estimator_node.cpp:62:5:[m[K [01;36m[Knote: [m[Kin expansion of macro â€˜[01m[KRCLCPP_ERROR[m[Kâ€™
[1.679s]      [01;36m[KRCLCPP_ERROR[m[K( "cv_bridge exception: %s", e.what() );
[1.679s]      [01;36m[K^~~~~~~~~~~~[m[K
[1.679s] In file included from [01m[K/opt/ros/dashing/include/rclcpp/client.hpp:39:0[m[K,
[1.679s]                  from [01m[K/opt/ros/dashing/include/rclcpp/callback_group.hpp:23[m[K,
[1.679s]                  from [01m[K/opt/ros/dashing/include/rclcpp/any_executable.hpp:20[m[K,
[1.680s]                  from [01m[K/opt/ros/dashing/include/rclcpp/memory_strategy.hpp:24[m[K,
[1.680s]                  from [01m[K/opt/ros/dashing/include/rclcpp/memory_strategies.hpp:18[m[K,
[1.680s]                  from [01m[K/opt/ros/dashing/include/rclcpp/executor.hpp:33[m[K,
[1.680s]                  from [01m[K/opt/ros/dashing/include/rclcpp/executors/multi_threaded_executor.hpp:24[m[K,
[1.680s]                  from [01m[K/opt/ros/dashing/include/rclcpp/executors.hpp:21[m[K,
[1.680s]                  from [01m[K/opt/ros/dashing/include/rclcpp/rclcpp.hpp:144[m[K,
[1.680s]                  from [01m[K/home/turgay/dev_ws/src/ros2_robot/ground_plane_estimator/include/ground_plane_estimator/ground_plane_estimator_node.hpp:18[m[K,
[1.680s]                  from [01m[K/home/turgay/dev_ws/src/ros2_robot/ground_plane_estimator/src/ground_plane_estimator_node.cpp:7[m[K:
[1.680s] [01m[K/opt/ros/dashing/include/rclcpp/logging.hpp:495:14:[m[K [01;31m[Kerror: [m[Krequest for member â€˜[01m[Kget_name[m[Kâ€™ in â€˜[01m[K"cv_bridge exception: %s"[m[Kâ€™, which is of non-class type â€˜[01m[Kconst char [24][m[Kâ€™
[1.680s]        logger.[01;31m[Kg[m[Ket_name(), \
[1.680s]               [01;31m[K^[m[K
[1.681s] [01m[K/opt/ros/dashing/include/rcutils/logging_macros.h:70:47:[m[K [01;36m[Knote: [m[Kin definition of macro â€˜[01m[KRCUTILS_LOG_COND_NAMED[m[Kâ€™
[1.681s]      if (rcutils_logging_logger_is_enabled_for([01;36m[Kname[m[K, severity)) { \
[1.681s]                                                [01;36m[K^~~~[m[K
[1.681s] [01m[K/opt/ros/dashing/include/rclcpp/logging.hpp:494:5:[m[K [01;36m[Knote: [m[Kin expansion of macro â€˜[01m[KRCUTILS_LOG_ERROR_NAMED[m[Kâ€™
[1.681s]      [01;36m[KRCUTILS_LOG_ERROR_NAMED[m[K( \
[1.681s]      [01;36m[K^~~~~~~~~~~~~~~~~~~~~~~[m[K
[1.681s] [01m[K/home/turgay/dev_ws/src/ros2_robot/ground_plane_estimator/src/ground_plane_estimator_node.cpp:62:5:[m[K [01;36m[Knote: [m[Kin expansion of macro â€˜[01m[KRCLCPP_ERROR[m[Kâ€™
[1.681s]      [01;36m[KRCLCPP_ERROR[m[K( "cv_bridge exception: %s", e.what() );
[1.681s]      [01;36m[K^~~~~~~~~~~~[m[K
[1.681s] [01m[K/opt/ros/dashing/include/rclcpp/logging.hpp:495:14:[m[K [01;31m[Kerror: [m[Krequest for member â€˜[01m[Kget_name[m[Kâ€™ in â€˜[01m[K"cv_bridge exception: %s"[m[Kâ€™, which is of non-class type â€˜[01m[Kconst char [24][m[Kâ€™
[1.681s]        logger.[01;31m[Kg[m[Ket_name(), \
[1.682s]               [01;31m[K^[m[K
[1.682s] [01m[K/opt/ros/dashing/include/rcutils/logging_macros.h:72:58:[m[K [01;36m[Knote: [m[Kin definition of macro â€˜[01m[KRCUTILS_LOG_COND_NAMED[m[Kâ€™
[1.682s]        rcutils_log(&__rcutils_logging_location, severity, [01;36m[Kname[m[K, __VA_ARGS__); \
[1.682s]                                                           [01;36m[K^~~~[m[K
[1.682s] [01m[K/opt/ros/dashing/include/rclcpp/logging.hpp:494:5:[m[K [01;36m[Knote: [m[Kin expansion of macro â€˜[01m[KRCUTILS_LOG_ERROR_NAMED[m[Kâ€™
[1.682s]      [01;36m[KRCUTILS_LOG_ERROR_NAMED[m[K( \
[1.682s]      [01;36m[K^~~~~~~~~~~~~~~~~~~~~~~[m[K
[1.683s] [01m[K/home/turgay/dev_ws/src/ros2_robot/ground_plane_estimator/src/ground_plane_estimator_node.cpp:62:5:[m[K [01;36m[Knote: [m[Kin expansion of macro â€˜[01m[KRCLCPP_ERROR[m[Kâ€™
[1.683s]      [01;36m[KRCLCPP_ERROR[m[K( "cv_bridge exception: %s", e.what() );
[1.683s]      [01;36m[K^~~~~~~~~~~~[m[K
[1.683s] [01m[K/home/turgay/dev_ws/src/ros2_robot/ground_plane_estimator/src/ground_plane_estimator_node.cpp:56:61:[m[K [01;35m[Kwarning: [m[Kunused parameter â€˜[01m[Kpoint_msg[m[Kâ€™ [[01;35m[K-Wunused-parameter[m[K]
[1.683s]        const sensor_msgs::msg::PointCloud2::ConstSharedPtr & [01;35m[Kpoint_msg[m[K) {
[1.683s]                                                              [01;35m[K^~~~~~~~~[m[K
[2.316s] CMakeFiles/ground_plane_estimator_node.dir/build.make:62: recipe for target 'CMakeFiles/ground_plane_estimator_node.dir/src/ground_plane_estimator_node.cpp.o' failed
[2.317s] make[2]: *** [CMakeFiles/ground_plane_estimator_node.dir/src/ground_plane_estimator_node.cpp.o] Error 1
[2.317s] make[1]: *** [CMakeFiles/ground_plane_estimator_node.dir/all] Error 2
[2.317s] CMakeFiles/Makefile2:67: recipe for target 'CMakeFiles/ground_plane_estimator_node.dir/all' failed
[2.318s] Makefile:140: recipe for target 'all' failed
[2.318s] make: *** [all] Error 2
