[0.657s] -- The C compiler identification is GNU 7.5.0
[0.659s] -- The CXX compiler identification is GNU 7.5.0
[0.659s] -- Check for working C compiler: /usr/bin/cc
[0.660s] -- Check for working C compiler: /usr/bin/cc -- works
[0.662s] -- Detecting C compiler ABI info
[0.662s] -- Detecting C compiler ABI info - done
[0.662s] -- Detecting C compile features
[0.960s] -- Detecting C compile features - done
[0.964s] -- Check for working CXX compiler: /usr/bin/c++
[1.107s] -- Check for working CXX compiler: /usr/bin/c++ -- works
[1.108s] -- Detecting CXX compiler ABI info
[1.261s] -- Detecting CXX compiler ABI info - done
[1.272s] -- Detecting CXX compile features
[2.070s] -- Detecting CXX compile features - done
[2.071s] -- Create Debug Build.
[2.075s] -- Found ament_cmake: 0.7.4 (/opt/ros/dashing/share/ament_cmake/cmake)
[2.141s] -- Found PythonInterp: /usr/bin/python3 (found suitable version "3.6.9", minimum required is "3") 
[2.141s] -- Using PYTHON_EXECUTABLE: /usr/bin/python3
[2.549s] -- Found rclcpp: 0.7.13 (/opt/ros/dashing/share/rclcpp/cmake)
[2.593s] -- Found rosidl_adapter: 0.7.9 (/opt/ros/dashing/share/rosidl_adapter/cmake)
[2.667s] -- Found rmw_implementation_cmake: 0.7.2 (/opt/ros/dashing/share/rmw_implementation_cmake/cmake)
[2.673s] -- Using RMW implementation 'rmw_fastrtps_cpp' as default
[2.674s] -- Looking for pthread.h
[2.800s] -- Looking for pthread.h - found
[2.800s] -- Looking for pthread_create
[2.918s] -- Looking for pthread_create - not found
[2.918s] -- Looking for pthread_create in pthreads
[3.017s] -- Looking for pthread_create in pthreads - not found
[3.017s] -- Looking for pthread_create in pthread
[3.128s] -- Looking for pthread_create in pthread - found
[3.129s] -- Found Threads: TRUE  
[3.180s] -- Found rclcpp_components: 0.7.13 (/opt/ros/dashing/share/rclcpp_components/cmake)
[3.191s] -- Found poco_vendor:  (/opt/ros/dashing/share/poco_vendor/cmake)
[3.222s] -- Found nav_msgs: 0.7.0 (/opt/ros/dashing/share/nav_msgs/cmake)
[3.263s] -- Found sensor_msgs: 0.7.0 (/opt/ros/dashing/share/sensor_msgs/cmake)
[3.280s] -- Found cv_bridge: 2.1.4 (/opt/ros/dashing/share/cv_bridge/cmake)
[3.317s] -- Found tf2: 0.11.6 (/opt/ros/dashing/share/tf2/cmake)
[3.325s] -- Found tf2_ros: 0.11.6 (/opt/ros/dashing/share/tf2_ros/cmake)
[3.405s] -- Found pcl_conversions: 2.0.0 (/opt/ros/dashing/share/pcl_conversions/cmake)
[3.413s] -- Found realsense_msgs: 2.0.5 (/opt/robot_devkit/perception/realsense_msgs/share/realsense_msgs/cmake)
[3.566s] -- Found ament_lint_auto: 0.7.11 (/opt/ros/dashing/share/ament_lint_auto/cmake)
[3.573s] -- Found image_transport: 2.1.1 (/opt/ros/dashing/share/image_transport/cmake)
[3.606s] -- Found tinyxml2_vendor:  (/opt/ros/dashing/share/tinyxml2_vendor/cmake)
[3.635s] -- Found TinyXML2: /usr/lib/x86_64-linux-gnu/libtinyxml2.so  
[3.804s] -- Found gtest sources under '/opt/ros/dashing/src/gtest_vendor': C++ tests using 'Google Test' will be built
[3.808s] -- Check if compiler accepts -pthread
[3.934s] -- Check if compiler accepts -pthread - yes
[4.273s] -- Added test 'copyright' to check for copyright in CMake / C / C++ / Python code
[4.275s] -- Added test 'cppcheck' to perform static code analysis on C / C++ code
[4.276s] -- Configured cppcheck include dirs: /home/latte/dev_ws/src/ros2_robot/realsense_t265_ros/include
[4.278s] -- Added test 'cpplint' to check C / C++ code against the Google style
[4.280s] -- Added test 'lint_cmake' to check CMake code style
[4.284s] -- Added test 'uncrustify' to check C / C++ code style
[4.286s] -- Added test 'xmllint' to check XML markup files
[4.294s] -- Configuring done
[4.462s] -- Generating done
[4.466s] -- Build files have been written to: /home/latte/dev_ws/src/ros2_robot/build/realsense_t265_ros
[4.559s] [35m[1mScanning dependencies of target gtest[0m
[4.566s] [35m[1mScanning dependencies of target realsense_t265_ros[0m
[4.567s] [35m[1mScanning dependencies of target gtest_main[0m
[4.597s] [  7%] [32mBuilding CXX object gtest/CMakeFiles/gtest.dir/src/gtest-all.cc.o[0m
[4.599s] [ 14%] [32mBuilding CXX object gtest/CMakeFiles/gtest_main.dir/src/gtest_main.cc.o[0m
[4.771s] [ 21%] [32mBuilding CXX object CMakeFiles/realsense_t265_ros.dir/src/rs_t265_factory.cpp.o[0m
[4.772s] [ 28%] [32mBuilding CXX object CMakeFiles/realsense_t265_ros.dir/src/rs_t265_base.cpp.o[0m
[6.118s] [ 35%] [32m[1mLinking CXX static library libgtest_main.a[0m
[6.227s] [ 35%] Built target gtest_main
[6.259s] [ 42%] [32mBuilding CXX object CMakeFiles/realsense_t265_ros.dir/src/rs_d435.cpp.o[0m
[10.444s] [01m[K/home/latte/dev_ws/src/ros2_robot/realsense_t265_ros/src/rs_t265_base.cpp:[m[K In member function â€˜[01m[Kvoid realsense::RealSenseBase::calculateTFAndPublish(const rs2::stream_profile&, const rs2::stream_profile&)[m[Kâ€™:
[10.445s] [01m[K/home/latte/dev_ws/src/ros2_robot/realsense_t265_ros/src/rs_t265_base.cpp:279:10:[m[K [01;35m[Kwarning: [m[Kunused variable â€˜[01m[Kzero_trans[m[Kâ€™ [[01;35m[K-Wunused-variable[m[K]
[10.445s]    Float3 [01;35m[Kzero_trans[m[K{0, 0, 0};
[10.445s]           [01;35m[K^~~~~~~~~~[m[K
[12.210s] [ 50%] [32m[1mLinking CXX static library libgtest.a[0m
[12.389s] [ 50%] Built target gtest
[12.424s] [ 57%] [32mBuilding CXX object CMakeFiles/realsense_t265_ros.dir/src/rs_d435i.cpp.o[0m
[13.750s] CMakeFiles/realsense_t265_ros.dir/build.make:86: recipe for target 'CMakeFiles/realsense_t265_ros.dir/src/rs_t265_base.cpp.o' failed
[13.750s] CMakeFiles/realsense_t265_ros.dir/build.make:110: recipe for target 'CMakeFiles/realsense_t265_ros.dir/src/rs_d435.cpp.o' failed
[13.750s] CMakeFiles/realsense_t265_ros.dir/build.make:134: recipe for target 'CMakeFiles/realsense_t265_ros.dir/src/rs_d435i.cpp.o' failed
[13.750s] CMakeFiles/realsense_t265_ros.dir/build.make:62: recipe for target 'CMakeFiles/realsense_t265_ros.dir/src/rs_t265_factory.cpp.o' failed
[13.750s] make[2]: *** [CMakeFiles/realsense_t265_ros.dir/src/rs_t265_base.cpp.o] Interrupt
[13.750s] make[2]: *** [CMakeFiles/realsense_t265_ros.dir/src/rs_d435.cpp.o] Interrupt
[13.751s] make[2]: *** [CMakeFiles/realsense_t265_ros.dir/src/rs_d435i.cpp.o] Interrupt
[13.751s] make[2]: *** [CMakeFiles/realsense_t265_ros.dir/src/rs_t265_factory.cpp.o] Interrupt
[13.751s] CMakeFiles/Makefile2:67: recipe for target 'CMakeFiles/realsense_t265_ros.dir/all' failed
[13.751s] make[1]: *** [CMakeFiles/realsense_t265_ros.dir/all] Interrupt
[13.753s] make: *** wait: No child processes.  Stop.
[13.756s] make: *** Waiting for unfinished jobs....
[13.756s] make: *** wait: No child processes.  Stop.
