[0.147s] [35m[1mScanning dependencies of target ground_plane_estimator_node[0m
[0.254s] [ 50%] [32mBuilding CXX object CMakeFiles/ground_plane_estimator_node.dir/src/ground_plane_estimator_node.cpp.o[0m
[0.369s] In file included from [01m[K/home/turgay/dev_ws/src/ros2_robot/ground_plane_estimator/src/ground_plane_estimator_node.cpp:7:0[m[K:
[0.369s] [01m[K/home/turgay/dev_ws/src/ros2_robot/ground_plane_estimator/include/ground_plane_estimator/ground_plane_estimator_node.hpp:26:10:[m[K [01;35m[Kwarning: [m[Kmissing terminating " character
[0.369s]  #include [01;35m[K"[m[Ksensor_msgs/msg/point_cloud2.hpp>
[0.369s]           [01;35m[K^[m[K
[0.370s] [01m[K/home/turgay/dev_ws/src/ros2_robot/ground_plane_estimator/include/ground_plane_estimator/ground_plane_estimator_node.hpp:26:10:[m[K [01;31m[Kerror: [m[K#include expects "FILENAME" or <FILENAME>
[0.370s]  #include [01;31m[K"sensor_msgs/msg/point_cloud2.hpp>[m[K
[0.370s]           [01;31m[K^~~~~~~~~~~~~~~~~~~~~~~~~~~~~~~~~~[m[K
[0.370s] [01m[K/home/turgay/dev_ws/src/ros2_robot/ground_plane_estimator/include/ground_plane_estimator/ground_plane_estimator_node.hpp:27:10:[m[K [01;31m[Kfatal error: [m[Ksensor_msgs/msg/image_encodings.hpp: No such file or directory
[0.370s]  #include [01;31m[K<sensor_msgs/msg/image_encodings.hpp>[m[K
[0.371s]           [01;31m[K^~~~~~~~~~~~~~~~~~~~~~~~~~~~~~~~~~~~~[m[K
[0.371s] compilation terminated.
[0.372s] CMakeFiles/ground_plane_estimator_node.dir/build.make:62: recipe for target 'CMakeFiles/ground_plane_estimator_node.dir/src/ground_plane_estimator_node.cpp.o' failed
[0.372s] make[2]: *** [CMakeFiles/ground_plane_estimator_node.dir/src/ground_plane_estimator_node.cpp.o] Error 1
[0.373s] CMakeFiles/Makefile2:67: recipe for target 'CMakeFiles/ground_plane_estimator_node.dir/all' failed
[0.373s] make[1]: *** [CMakeFiles/ground_plane_estimator_node.dir/all] Error 2
[0.373s] make: *** [all] Error 2
[0.373s] Makefile:140: recipe for target 'all' failed
