[0.099s] [35m[1mScanning dependencies of target ground_plane_estimator_node[0m
[0.160s] [ 50%] [32mBuilding CXX object CMakeFiles/ground_plane_estimator_node.dir/src/ground_plane_estimator_node.cpp.o[0m
[1.566s] [01m[K/home/turgay/dev_ws/src/ros2_robot/ground_plane_estimator/src/ground_plane_estimator_node.cpp:[m[K In member function â€˜[01m[Kvoid GroundPlaneEstimatorNode::sidewalkEdgePicking(std::vector<cv::Vec<int, 4> >)[m[Kâ€™:
[1.566s] [01m[K/home/turgay/dev_ws/src/ros2_robot/ground_plane_estimator/src/ground_plane_estimator_node.cpp:139:23:[m[K [01;31m[Kerror: [m[Kâ€˜[01m[Kx11[m[Kâ€™ was not declared in this scope
[1.567s]                  (void)[01;31m[Kx11[m[K; (void)y11;
[1.567s]                        [01;31m[K^~~[m[K
[1.567s] [01m[K/home/turgay/dev_ws/src/ros2_robot/ground_plane_estimator/src/ground_plane_estimator_node.cpp:139:23:[m[K [01;36m[Knote: [m[Ksuggested alternative: â€˜[01m[Kx12[m[Kâ€™
[1.567s]                  (void)[01;36m[Kx11[m[K; (void)y11;
[1.568s]                        [01;36m[K^~~[m[K
[1.568s]                        [32m[Kx12[m[K
[1.568s] [01m[K/home/turgay/dev_ws/src/ros2_robot/ground_plane_estimator/src/ground_plane_estimator_node.cpp:139:34:[m[K [01;31m[Kerror: [m[Kâ€˜[01m[Ky11[m[Kâ€™ was not declared in this scope
[1.568s]                  (void)x11; (void)[01;31m[Ky11[m[K;
[1.568s]                                   [01;31m[K^~~[m[K
[1.569s] [01m[K/home/turgay/dev_ws/src/ros2_robot/ground_plane_estimator/src/ground_plane_estimator_node.cpp:139:34:[m[K [01;36m[Knote: [m[Ksuggested alternative: â€˜[01m[Ky1l[m[Kâ€™
[1.569s]                  (void)x11; (void)[01;36m[Ky11[m[K;
[1.569s]                                   [01;36m[K^~~[m[K
[1.569s]                                   [32m[Ky1l[m[K
[1.570s] [01m[K/home/turgay/dev_ws/src/ros2_robot/ground_plane_estimator/src/ground_plane_estimator_node.cpp:138:24:[m[K [01;35m[Kwarning: [m[Kunused variable â€˜[01m[Kx12[m[Kâ€™ [[01;35m[K-Wunused-variable[m[K]
[1.570s]                  double [01;35m[Kx12[m[K, y12;
[1.570s]                         [01;35m[K^~~[m[K
[1.570s] [01m[K/home/turgay/dev_ws/src/ros2_robot/ground_plane_estimator/src/ground_plane_estimator_node.cpp:138:29:[m[K [01;35m[Kwarning: [m[Kunused variable â€˜[01m[Ky12[m[Kâ€™ [[01;35m[K-Wunused-variable[m[K]
[1.570s]                  double x12, [01;35m[Ky12[m[K;
[1.571s]                              [01;35m[K^~~[m[K
[2.261s] make[2]: *** [CMakeFiles/ground_plane_estimator_node.dir/src/ground_plane_estimator_node.cpp.o] Error 1
[2.261s] CMakeFiles/ground_plane_estimator_node.dir/build.make:62: recipe for target 'CMakeFiles/ground_plane_estimator_node.dir/src/ground_plane_estimator_node.cpp.o' failed
[2.262s] make[1]: *** [CMakeFiles/ground_plane_estimator_node.dir/all] Error 2
[2.262s] CMakeFiles/Makefile2:67: recipe for target 'CMakeFiles/ground_plane_estimator_node.dir/all' failed
[2.262s] Makefile:140: recipe for target 'all' failed
[2.262s] make: *** [all] Error 2
