[0.167s] Invoking command in '/home/turgay/dev_ws/src/ros2_robot/build/ground_plane_estimator': CMAKE_PREFIX_PATH=${CMAKE_PREFIX_PATH}:/opt/robot_devkit/tools/rdk_perf:/opt/robot_devkit/perception/handeye_dashboard:/opt/robot_devkit/perception/handeye:/opt/robot_devkit/perception/criutils:/opt/robot_devkit/perception/baldor:/opt/ros/dashing /usr/bin/cmake --build /home/turgay/dev_ws/src/ros2_robot/build/ground_plane_estimator -- -j12 -l12
[0.269s] [35m[1mScanning dependencies of target ground_plane_estimator_node[0m
[0.319s] [ 50%] [32mBuilding CXX object CMakeFiles/ground_plane_estimator_node.dir/src/ground_plane_estimator_node.cpp.o[0m
[1.723s] [01m[K/home/turgay/dev_ws/src/ros2_robot/ground_plane_estimator/src/ground_plane_estimator_node.cpp:[m[K In member function â€˜[01m[Kvoid GroundPlaneEstimatorNode::imageColorEdgeDetection(const ConstSharedPtr&, const ConstSharedPtr&)[m[Kâ€™:
[1.723s] [01m[K/home/turgay/dev_ws/src/ros2_robot/ground_plane_estimator/src/ground_plane_estimator_node.cpp:75:14:[m[K [01;31m[Kerror: [m[Kâ€˜[01m[Kusing SharedPtr = class std::shared_ptr<rclcpp::Publisher<sensor_msgs::msg::Image_<std::allocator<void> > > > {aka class std::shared_ptr<rclcpp::Publisher<sensor_msgs::msg::Image_<std::allocator<void> > > >}[m[Kâ€™ has no member named â€˜[01m[Kpublish[m[Kâ€™
[1.724s]    image_pub_.[01;31m[Kpublish[m[K( cv_ptr->toImageMsg() );
[1.724s]               [01;31m[K^~~~~~~[m[K
[1.724s] [01m[K/home/turgay/dev_ws/src/ros2_robot/ground_plane_estimator/src/ground_plane_estimator_node.cpp:55:162:[m[K [01;35m[Kwarning: [m[Kunused parameter â€˜[01m[Kpoint_msg[m[Kâ€™ [[01;35m[K-Wunused-parameter[m[K]
[1.724s]  nsor_msgs::msg::Image::ConstSharedPtr& msg, const sensor_msgs::msg::PointCloud2::ConstSharedPtr & [01;35m[Kpoint_msg[m[K) {
[1.724s]                                                                                                    [01;35m[K^~~~~~~~~[m[K
[1.730s] [01m[K/home/turgay/dev_ws/src/ros2_robot/ground_plane_estimator/src/ground_plane_estimator_node.cpp:[m[K In member function â€˜[01m[Kvoid GroundPlaneEstimatorNode::sidewalkEdgePicking(std::vector<cv::Vec<int, 4> >)[m[Kâ€™:
[1.730s] [01m[K/home/turgay/dev_ws/src/ros2_robot/ground_plane_estimator/src/ground_plane_estimator_node.cpp:113:24:[m[K [01;35m[Kwarning: [m[Kunused variable â€˜[01m[Kx11[m[Kâ€™ [[01;35m[K-Wunused-variable[m[K]
[1.730s]                  double [01;35m[Kx11[m[K, y11;
[1.730s]                         [01;35m[K^~~[m[K
[1.731s] [01m[K/home/turgay/dev_ws/src/ros2_robot/ground_plane_estimator/src/ground_plane_estimator_node.cpp:113:29:[m[K [01;35m[Kwarning: [m[Kunused variable â€˜[01m[Ky11[m[Kâ€™ [[01;35m[K-Wunused-variable[m[K]
[1.731s]                  double x11, [01;35m[Ky11[m[K;
[1.731s]                              [01;35m[K^~~[m[K
[1.731s] [01m[K/home/turgay/dev_ws/src/ros2_robot/ground_plane_estimator/src/ground_plane_estimator_node.cpp:132:24:[m[K [01;35m[Kwarning: [m[Kunused variable â€˜[01m[Kx12[m[Kâ€™ [[01;35m[K-Wunused-variable[m[K]
[1.731s]                  double [01;35m[Kx12[m[K, y12;
[1.731s]                         [01;35m[K^~~[m[K
[1.732s] [01m[K/home/turgay/dev_ws/src/ros2_robot/ground_plane_estimator/src/ground_plane_estimator_node.cpp:132:29:[m[K [01;35m[Kwarning: [m[Kunused variable â€˜[01m[Ky12[m[Kâ€™ [[01;35m[K-Wunused-variable[m[K]
[1.732s]                  double x12, [01;35m[Ky12[m[K;
[1.732s]                              [01;35m[K^~~[m[K
[2.373s] make[2]: *** [CMakeFiles/ground_plane_estimator_node.dir/src/ground_plane_estimator_node.cpp.o] Error 1
[2.374s] CMakeFiles/ground_plane_estimator_node.dir/build.make:62: recipe for target 'CMakeFiles/ground_plane_estimator_node.dir/src/ground_plane_estimator_node.cpp.o' failed
[2.374s] make[1]: *** [CMakeFiles/ground_plane_estimator_node.dir/all] Error 2
[2.374s] CMakeFiles/Makefile2:67: recipe for target 'CMakeFiles/ground_plane_estimator_node.dir/all' failed
[2.375s] Makefile:140: recipe for target 'all' failed
[2.375s] make: *** [all] Error 2
[2.378s] Invoked command in '/home/turgay/dev_ws/src/ros2_robot/build/ground_plane_estimator' returned '2': CMAKE_PREFIX_PATH=${CMAKE_PREFIX_PATH}:/opt/robot_devkit/tools/rdk_perf:/opt/robot_devkit/perception/handeye_dashboard:/opt/robot_devkit/perception/handeye:/opt/robot_devkit/perception/criutils:/opt/robot_devkit/perception/baldor:/opt/ros/dashing /usr/bin/cmake --build /home/turgay/dev_ws/src/ros2_robot/build/ground_plane_estimator -- -j12 -l12
