[1.256s] [01m[K/home/turgay/dev_ws/src/ros2_robot/ground_plane_estimator/src/ground_plane_estimator_node.cpp:[m[K In constructor â€˜[01m[KGroundPlaneEstimatorNode::GroundPlaneEstimatorNode()[m[Kâ€™:
[1.256s] [01m[K/home/turgay/dev_ws/src/ros2_robot/ground_plane_estimator/src/ground_plane_estimator_node.cpp:20:51:[m[K [01;31m[Kerror: [m[Kâ€˜[01m[Knode_[m[Kâ€™ was not declared in this scope
[1.256s]    auto sub = image_transport::create_subscription([01;31m[Knode_[m[K.get(), "in_image_base_topic", image_callback, "raw", custom_qos);
[1.257s]                                                    [01;31m[K^~~~~[m[K
[1.257s] [01m[K/home/turgay/dev_ws/src/ros2_robot/ground_plane_estimator/src/ground_plane_estimator_node.cpp:20:51:[m[K [01;36m[Knote: [m[Ksuggested alternative: â€˜[01m[KNode[m[Kâ€™
[1.257s]    auto sub = image_transport::create_subscription([01;36m[Knode_[m[K.get(), "in_image_base_topic", image_callback, "raw", custom_qos);
[1.257s]                                                    [01;36m[K^~~~~[m[K
[1.257s]                                                    [32m[KNode[m[K
[1.269s] [01m[K/home/turgay/dev_ws/src/ros2_robot/ground_plane_estimator/src/ground_plane_estimator_node.cpp:[m[K In member function â€˜[01m[Kvoid GroundPlaneEstimatorNode::image_callback(const ConstSharedPtr&)[m[Kâ€™:
[1.269s] [01m[K/home/turgay/dev_ws/src/ros2_robot/ground_plane_estimator/src/ground_plane_estimator_node.cpp:37:95:[m[K [01;35m[Kwarning: [m[Kunused parameter â€˜[01m[Kmsg[m[Kâ€™ [[01;35m[K-Wunused-parameter[m[K]
[1.269s]  void GroundPlaneEstimatorNode::image_callback(const sensor_msgs::msg::Image::ConstSharedPtr & [01;35m[Kmsg[m[K) {
[1.270s]                                                                                                [01;35m[K^~~[m[K
[2.034s] make[2]: *** [CMakeFiles/ground_plane_estimator_node.dir/src/ground_plane_estimator_node.cpp.o] Error 1
[2.035s] make[1]: *** [CMakeFiles/ground_plane_estimator_node.dir/all] Error 2
[2.036s] make: *** [all] Error 2
