[0.264s] In file included from [01m[K/home/turgay/dev_ws/src/ros2_robot/ground_plane_estimator/src/ground_plane_estimator_node.cpp:7:0[m[K:
[0.264s] [01m[K/home/turgay/dev_ws/src/ros2_robot/ground_plane_estimator/include/ground_plane_estimator/ground_plane_estimator_node.hpp:26:10:[m[K [01;31m[Kfatal error: [m[Ksensor_msgs/msg/PointCloud2.hpp: No such file or directory
[0.264s]  #include [01;31m[K"sensor_msgs/msg/PointCloud2.hpp"[m[K
[0.264s]           [01;31m[K^~~~~~~~~~~~~~~~~~~~~~~~~~~~~~~~~[m[K
[0.264s] compilation terminated.
[0.266s] make[2]: *** [CMakeFiles/ground_plane_estimator_node.dir/src/ground_plane_estimator_node.cpp.o] Error 1
[0.266s] make[1]: *** [CMakeFiles/ground_plane_estimator_node.dir/all] Error 2
[0.267s] make: *** [all] Error 2
