[0.280s] [35m[1mScanning dependencies of target ground_plane_estimator_node[0m
[0.364s] [ 50%] [32mBuilding CXX object CMakeFiles/ground_plane_estimator_node.dir/src/ground_plane_estimator_node.cpp.o[0m
[1.772s] [01m[K/home/turgay/dev_ws/src/ros2_robot/ground_plane_estimator/src/ground_plane_estimator_node.cpp:[m[K In member function â€˜[01m[Kvoid GroundPlaneEstimatorNode::imageColorEdgeDetection(const ConstSharedPtr&, const ConstSharedPtr&)[m[Kâ€™:
[1.772s] [01m[K/home/turgay/dev_ws/src/ros2_robot/ground_plane_estimator/src/ground_plane_estimator_node.cpp:83:3:[m[K [01;31m[Kerror: [m[Kâ€˜[01m[Kpcl[m[Kâ€™ has not been declared
[1.772s]    [01;31m[Kpcl[m[K::PCLPointCloud2 pcl_pc;
[1.773s]    [01;31m[K^~~[m[K
[1.773s] [01m[K/home/turgay/dev_ws/src/ros2_robot/ground_plane_estimator/src/ground_plane_estimator_node.cpp:84:3:[m[K [01;31m[Kerror: [m[Kâ€˜[01m[Kpcl_conversions[m[Kâ€™ has not been declared
[1.773s]    [01;31m[Kpcl_conversions[m[K::toPCL(*point_msg, pcl_pc);
[1.773s]    [01;31m[K^~~~~~~~~~~~~~~[m[K
[1.774s] [01m[K/home/turgay/dev_ws/src/ros2_robot/ground_plane_estimator/src/ground_plane_estimator_node.cpp:84:38:[m[K [01;31m[Kerror: [m[Kâ€˜[01m[Kpcl_pc[m[Kâ€™ was not declared in this scope
[1.774s]    pcl_conversions::toPCL(*point_msg, [01;31m[Kpcl_pc[m[K);
[1.774s]                                       [01;31m[K^~~~~~[m[K
[1.774s] [01m[K/home/turgay/dev_ws/src/ros2_robot/ground_plane_estimator/src/ground_plane_estimator_node.cpp:84:38:[m[K [01;36m[Knote: [m[Ksuggested alternative: â€˜[01m[Kpclose[m[Kâ€™
[1.775s]    pcl_conversions::toPCL(*point_msg, [01;36m[Kpcl_pc[m[K);
[1.775s]                                       [01;36m[K^~~~~~[m[K
[1.775s]                                       [32m[Kpclose[m[K
[2.429s] CMakeFiles/ground_plane_estimator_node.dir/build.make:62: recipe for target 'CMakeFiles/ground_plane_estimator_node.dir/src/ground_plane_estimator_node.cpp.o' failed
[2.429s] make[2]: *** [CMakeFiles/ground_plane_estimator_node.dir/src/ground_plane_estimator_node.cpp.o] Error 1
[2.430s] make[1]: *** [CMakeFiles/ground_plane_estimator_node.dir/all] Error 2
[2.430s] CMakeFiles/Makefile2:67: recipe for target 'CMakeFiles/ground_plane_estimator_node.dir/all' failed
[2.430s] make: *** [all] Error 2
[2.430s] Makefile:140: recipe for target 'all' failed
