[0.146s] [ 50%] [32mBuilding CXX object CMakeFiles/ground_plane_estimator_node.dir/src/ground_plane_estimator_node.cpp.o[0m
[5.490s] In file included from [01m[K/home/turgay/dev_ws/src/ros2_robot/ground_plane_estimator/src/ground_plane_estimator_node.cpp:7:0[m[K:
[5.490s] [01m[K/home/turgay/dev_ws/src/ros2_robot/ground_plane_estimator/include/ground_plane_estimator/ground_plane_estimator_node.hpp:78:43:[m[K [01;31m[Kerror: [m[Kâ€˜[01m[KImageConstPtr[m[Kâ€™ in namespace â€˜[01m[Ksensor_msgs[m[Kâ€™ does not name a type
[5.490s]      void imageSegment( const sensor_msgs::[01;31m[KImageConstPtr[m[K& msg );
[5.490s]                                            [01;31m[K^~~~~~~~~~~~~[m[K
[5.621s] [01m[K/home/turgay/dev_ws/src/ros2_robot/ground_plane_estimator/src/ground_plane_estimator_node.cpp:252:6:[m[K [01;31m[Kerror: [m[Kprototype for â€˜[01m[Kvoid GroundPlaneEstimatorNode::imageSegment(sensor_msgs::msg::Image_<std::allocator<void> >::ConstSharedPtr&)[m[Kâ€™ does not match any in class â€˜[01m[KGroundPlaneEstimatorNode[m[Kâ€™
[5.622s]  void [01;31m[KGroundPlaneEstimatorNode[m[K::imageSegment(sensor_msgs::msg::Image::ConstSharedPtr& msg) {
[5.622s]       [01;31m[K^~~~~~~~~~~~~~~~~~~~~~~~[m[K
[5.623s] In file included from [01m[K/home/turgay/dev_ws/src/ros2_robot/ground_plane_estimator/src/ground_plane_estimator_node.cpp:7:0[m[K:
[5.623s] [01m[K/home/turgay/dev_ws/src/ros2_robot/ground_plane_estimator/include/ground_plane_estimator/ground_plane_estimator_node.hpp:78:10:[m[K [01;31m[Kerror: [m[Kcandidate is: void GroundPlaneEstimatorNode::imageSegment(const int&)
[5.623s]      void [01;31m[KimageSegment[m[K( const sensor_msgs::ImageConstPtr& msg );
[5.623s]           [01;31m[K^~~~~~~~~~~~[m[K
[6.879s] In file included from [01m[K/usr/include/pcl-1.8/pcl/sample_consensus/sac_model.h:52:0[m[K,
[6.879s]                  from [01m[K/usr/include/pcl-1.8/pcl/sample_consensus/sac.h:45[m[K,
[6.880s]                  from [01m[K/usr/include/pcl-1.8/pcl/segmentation/sac_segmentation.h:49[m[K,
[6.880s]                  from [01m[K/home/turgay/dev_ws/src/ros2_robot/ground_plane_estimator/include/ground_plane_estimator/ground_plane_estimator_node.hpp:34[m[K,
[6.881s]                  from [01m[K/home/turgay/dev_ws/src/ros2_robot/ground_plane_estimator/src/ground_plane_estimator_node.cpp:7[m[K:
[6.881s] [01m[K/usr/include/pcl-1.8/pcl/sample_consensus/model_types.h:[m[K In function â€˜[01m[Kvoid __static_initialization_and_destruction_0(int, int)[m[Kâ€™:
[6.882s] [01m[K/usr/include/pcl-1.8/pcl/sample_consensus/model_types.h:99:3:[m[K [01;35m[Kwarning: [m[Kâ€˜[01m[Kpcl::SAC_SAMPLE_SIZE[m[Kâ€™ is deprecated: This map is deprecated and is kept only to prevent breaking existing user code. Starting from PCL 1.8.0 model sample size is a protected member of the SampleConsensusModel class [[01;35m[K-Wdeprecated-declarations[m[K]
[6.882s]    [01;35m[KSAC_SAMPLE_SIZE[m[K (sample_size_pairs, sample_size_pairs + sizeof (sample_size_pairs) / sizeof (SampleSizeModel));
[6.883s]    [01;35m[K^~~~~~~~~~~~~~~[m[K
[6.883s] [01m[K/usr/include/pcl-1.8/pcl/sample_consensus/model_types.h:99:3:[m[K [01;36m[Knote: [m[Kdeclared here
[7.248s] CMakeFiles/ground_plane_estimator_node.dir/build.make:62: recipe for target 'CMakeFiles/ground_plane_estimator_node.dir/src/ground_plane_estimator_node.cpp.o' failed
[7.248s] make[2]: *** [CMakeFiles/ground_plane_estimator_node.dir/src/ground_plane_estimator_node.cpp.o] Error 1
[7.249s] CMakeFiles/Makefile2:67: recipe for target 'CMakeFiles/ground_plane_estimator_node.dir/all' failed
[7.249s] make[1]: *** [CMakeFiles/ground_plane_estimator_node.dir/all] Error 2
[7.249s] Makefile:140: recipe for target 'all' failed
[7.249s] make: *** [all] Error 2
