[0.026s] Invoking command in '/home/turgay/dev_ws/src/ros2_robot/build/ground_plane_estimator': CMAKE_PREFIX_PATH=${CMAKE_PREFIX_PATH}:/opt/robot_devkit/tools/rdk_perf:/opt/robot_devkit/perception/handeye_dashboard:/opt/robot_devkit/perception/handeye:/opt/robot_devkit/perception/criutils:/opt/robot_devkit/perception/baldor:/opt/ros/dashing /usr/bin/cmake /home/turgay/dev_ws/src/ros2_robot/ground_plane_estimator -DAMENT_CMAKE_SYMLINK_INSTALL=1 -DCMAKE_INSTALL_PREFIX=/home/turgay/dev_ws/src/ros2_robot/install/ground_plane_estimator
[0.053s] -- Found ament_cmake: 0.7.4 (/opt/ros/dashing/share/ament_cmake/cmake)
[0.094s] -- Using PYTHON_EXECUTABLE: /usr/bin/python3
[0.350s] -- Override CMake install command with custom implementation using symlinks instead of copying resources
[0.359s] -- Found rclcpp: 0.7.13 (/opt/ros/dashing/share/rclcpp/cmake)
[0.374s] -- Found rosidl_adapter: 0.7.9 (/opt/ros/dashing/share/rosidl_adapter/cmake)
[0.409s] -- Found rmw_implementation_cmake: 0.7.2 (/opt/ros/dashing/share/rmw_implementation_cmake/cmake)
[0.412s] -- Using RMW implementation 'rmw_fastrtps_cpp' as default
[0.437s] -- Found std_msgs: 0.7.0 (/opt/ros/dashing/share/std_msgs/cmake)
[0.443s] -- Found rclcpp_components: 0.7.13 (/opt/ros/dashing/share/rclcpp_components/cmake)
[0.445s] -- Found poco_vendor:  (/opt/ros/dashing/share/poco_vendor/cmake)
[0.458s] -- Found nav_msgs: 0.7.0 (/opt/ros/dashing/share/nav_msgs/cmake)
[0.476s] -- Found sensor_msgs: 0.7.0 (/opt/ros/dashing/share/sensor_msgs/cmake)
[0.486s] -- Found cv_bridge: 2.1.4 (/opt/ros/dashing/share/cv_bridge/cmake)
[0.502s] -- Found tf2: 0.11.6 (/opt/ros/dashing/share/tf2/cmake)
[0.504s] -- Found tf2_ros: 0.11.6 (/opt/ros/dashing/share/tf2_ros/cmake)
[0.549s] -- Found image_transport: 2.1.1 (/opt/ros/dashing/share/image_transport/cmake)
[0.567s] -- Found tinyxml2_vendor:  (/opt/ros/dashing/share/tinyxml2_vendor/cmake)
[0.583s] -- Found pcl_conversions: 2.0.0 (/opt/ros/dashing/share/pcl_conversions/cmake)
[0.585s] -- Found pcl_msgs: 1.0.0 (/opt/ros/dashing/share/pcl_msgs/cmake)
[0.682s] -- Boost version: 1.65.1
[0.682s] -- Found the following Boost libraries:
[0.682s] --   system
[0.682s] --   filesystem
[0.682s] --   thread
[0.682s] --   chrono
[0.682s] --   date_time
[0.683s] --   atomic
[0.778s] -- Boost version: 1.65.1
[0.778s] -- Found the following Boost libraries:
[0.778s] --   system
[0.779s] --   filesystem
[0.779s] --   thread
[0.779s] --   date_time
[0.779s] --   iostreams
[0.779s] --   serialization
[0.779s] --   chrono
[0.779s] --   atomic
[0.780s] --   regex
[0.795s] -- Could NOT find ensenso (missing: ENSENSO_LIBRARY ENSENSO_INCLUDE_DIR) 
[0.795s] ** WARNING ** io features related to ensenso will be disabled
[0.799s] -- Could NOT find DAVIDSDK (missing: DAVIDSDK_LIBRARY DAVIDSDK_INCLUDE_DIR) 
[0.799s] ** WARNING ** io features related to davidSDK will be disabled
[0.799s] -- Could NOT find DSSDK (missing: _DSSDK_LIBRARIES) 
[0.800s] ** WARNING ** io features related to dssdk will be disabled
[0.800s] ** WARNING ** io features related to pcap will be disabled
[0.800s] ** WARNING ** io features related to png will be disabled
[0.857s] -- The imported target "vtkRenderingPythonTkWidgets" references the file
[0.857s]    "/usr/lib/x86_64-linux-gnu/libvtkRenderingPythonTkWidgets.so"
[0.858s] but this file does not exist.  Possible reasons include:
[0.858s] * The file was deleted, renamed, or moved to another location.
[0.858s] * An install or uninstall procedure did not complete successfully.
[0.858s] * The installation package was faulty and contained
[0.858s]    "/usr/lib/cmake/vtk-6.3/VTKTargets.cmake"
[0.858s] but not all the files it references.
[0.859s] 
[0.859s] -- The imported target "vtk" references the file
[0.859s]    "/usr/bin/vtk"
[0.859s] but this file does not exist.  Possible reasons include:
[0.859s] * The file was deleted, renamed, or moved to another location.
[0.859s] * An install or uninstall procedure did not complete successfully.
[0.860s] * The installation package was faulty and contained
[0.860s]    "/usr/lib/cmake/vtk-6.3/VTKTargets.cmake"
[0.860s] but not all the files it references.
[0.861s] 
[0.909s] ** WARNING ** io features related to libusb-1.0 will be disabled
[0.948s] -- Could NOT find ensenso (missing: ENSENSO_LIBRARY ENSENSO_INCLUDE_DIR) 
[0.948s] ** WARNING ** visualization features related to ensenso will be disabled
[0.955s] -- Could NOT find DAVIDSDK (missing: DAVIDSDK_LIBRARY DAVIDSDK_INCLUDE_DIR) 
[0.956s] ** WARNING ** visualization features related to davidSDK will be disabled
[0.957s] -- Could NOT find DSSDK (missing: _DSSDK_LIBRARIES) 
[0.957s] ** WARNING ** visualization features related to dssdk will be disabled
[0.958s] -- Could NOT find RSSDK (missing: _RSSDK_LIBRARIES) 
[0.958s] ** WARNING ** visualization features related to rssdk will be disabled
[1.017s] -- looking for PCL_COMMON
[1.018s] -- looking for PCL_OCTREE
[1.018s] -- looking for PCL_IO
[1.019s] -- looking for PCL_KDTREE
[1.019s] -- looking for PCL_SEARCH
[1.020s] -- looking for PCL_SAMPLE_CONSENSUS
[1.021s] -- looking for PCL_FILTERS
[1.021s] -- looking for PCL_2D
[1.022s] -- looking for PCL_GEOMETRY
[1.022s] -- looking for PCL_FEATURES
[1.023s] -- looking for PCL_ML
[1.023s] -- looking for PCL_SEGMENTATION
[1.025s] -- looking for PCL_VISUALIZATION
[1.025s] -- looking for PCL_SURFACE
[1.026s] -- looking for PCL_REGISTRATION
[1.027s] -- looking for PCL_KEYPOINTS
[1.028s] -- looking for PCL_TRACKING
[1.029s] -- looking for PCL_RECOGNITION
[1.030s] -- looking for PCL_STEREO
[1.031s] -- looking for PCL_APPS
[1.033s] -- looking for PCL_IN_HAND_SCANNER
[1.034s] -- looking for PCL_MODELER
[1.034s] -- looking for PCL_POINT_CLOUD_EDITOR
[1.034s] -- looking for PCL_OUTOFCORE
[1.035s] -- looking for PCL_PEOPLE
[1.053s] -- Found ament_lint_auto: 0.7.11 (/opt/ros/dashing/share/ament_lint_auto/cmake)
[1.299s] -- Added test 'copyright' to check for copyright in CMake / C / C++ / Python code
[1.300s] -- Added test 'cppcheck' to perform static code analysis on C / C++ code
[1.300s] -- Configured cppcheck include dirs: /home/turgay/dev_ws/src/ros2_robot/ground_plane_estimator/include
[1.301s] -- Added test 'cpplint' to check C / C++ code against the Google style
[1.302s] -- Added test 'lint_cmake' to check CMake code style
[1.302s] -- Added test 'uncrustify' to check C / C++ code style
[1.303s] -- Added test 'xmllint' to check XML markup files
[1.306s] -- Configuring done
[1.346s] -- Generating done
[1.352s] -- Build files have been written to: /home/turgay/dev_ws/src/ros2_robot/build/ground_plane_estimator
[1.364s] Invoked command in '/home/turgay/dev_ws/src/ros2_robot/build/ground_plane_estimator' returned '0': CMAKE_PREFIX_PATH=${CMAKE_PREFIX_PATH}:/opt/robot_devkit/tools/rdk_perf:/opt/robot_devkit/perception/handeye_dashboard:/opt/robot_devkit/perception/handeye:/opt/robot_devkit/perception/criutils:/opt/robot_devkit/perception/baldor:/opt/ros/dashing /usr/bin/cmake /home/turgay/dev_ws/src/ros2_robot/ground_plane_estimator -DAMENT_CMAKE_SYMLINK_INSTALL=1 -DCMAKE_INSTALL_PREFIX=/home/turgay/dev_ws/src/ros2_robot/install/ground_plane_estimator
[1.370s] Invoking command in '/home/turgay/dev_ws/src/ros2_robot/build/ground_plane_estimator': CMAKE_PREFIX_PATH=${CMAKE_PREFIX_PATH}:/opt/robot_devkit/tools/rdk_perf:/opt/robot_devkit/perception/handeye_dashboard:/opt/robot_devkit/perception/handeye:/opt/robot_devkit/perception/criutils:/opt/robot_devkit/perception/baldor:/opt/ros/dashing /usr/bin/cmake --build /home/turgay/dev_ws/src/ros2_robot/build/ground_plane_estimator -- -j12 -l12
[1.452s] [35m[1mScanning dependencies of target ground_plane_estimator_node[0m
[1.548s] [ 50%] [32mBuilding CXX object CMakeFiles/ground_plane_estimator_node.dir/src/ground_plane_estimator_node.cpp.o[0m
[6.776s] [01m[K/home/turgay/dev_ws/src/ros2_robot/ground_plane_estimator/src/ground_plane_estimator_node.cpp:[m[K In constructor â€˜[01m[KGroundPlaneEstimatorNode::GroundPlaneEstimatorNode()[m[Kâ€™:
[6.777s] [01m[K/home/turgay/dev_ws/src/ros2_robot/ground_plane_estimator/src/ground_plane_estimator_node.cpp:27:5:[m[K [01;31m[Kerror: [m[Kâ€˜[01m[Kmessage_filters[m[Kâ€™ has not been declared
[6.777s]      [01;31m[Kmessage_filters[m[K::Subscriber<sensor_msgs::Image> sub_image(nh, "/camera/color/image_raw", 1);
[6.777s]      [01;31m[K^~~~~~~~~~~~~~~[m[K
[6.777s] [01m[K/home/turgay/dev_ws/src/ros2_robot/ground_plane_estimator/src/ground_plane_estimator_node.cpp:27:46:[m[K [01;31m[Kerror: [m[Kâ€˜[01m[KImage[m[Kâ€™ is not a member of â€˜[01m[Ksensor_msgs[m[Kâ€™
[6.778s]      message_filters::Subscriber<sensor_msgs::[01;31m[KImage[m[K> sub_image(nh, "/camera/color/image_raw", 1);
[6.778s]                                               [01;31m[K^~~~~[m[K
[6.778s] [01m[K/home/turgay/dev_ws/src/ros2_robot/ground_plane_estimator/src/ground_plane_estimator_node.cpp:27:46:[m[K [01;36m[Knote: [m[Ksuggested alternative:
[6.778s] In file included from [01m[K/opt/ros/dashing/include/sensor_msgs/msg/image.hpp:7:0[m[K,
[6.779s]                  from [01m[K/opt/ros/dashing/include/image_transport/camera_publisher.h:41[m[K,
[6.779s]                  from [01m[K/opt/ros/dashing/include/image_transport/image_transport.h:45[m[K,
[6.779s]                  from [01m[K/home/turgay/dev_ws/src/ros2_robot/ground_plane_estimator/include/ground_plane_estimator/ground_plane_estimator_node.hpp:20[m[K,
[6.779s]                  from [01m[K/home/turgay/dev_ws/src/ros2_robot/ground_plane_estimator/src/ground_plane_estimator_node.cpp:7[m[K:
[6.780s] [01m[K/opt/ros/dashing/include/sensor_msgs/msg/image__struct.hpp:218:49:[m[K [01;36m[Knote: [m[K  â€˜[01m[Ksensor_msgs::msg::Image[m[Kâ€™
[6.780s]    sensor_msgs::msg::Image_<std::allocator<void>>[01;36m[K;[m[K
[6.780s]                                                  [01;36m[K^[m[K
[6.780s] [01m[K/home/turgay/dev_ws/src/ros2_robot/ground_plane_estimator/src/ground_plane_estimator_node.cpp:27:63:[m[K [01;31m[Kerror: [m[Kâ€˜[01m[Knh[m[Kâ€™ was not declared in this scope
[6.781s]      message_filters::Subscriber<sensor_msgs::Image> sub_image([01;31m[Knh[m[K, "/camera/color/image_raw", 1);
[6.781s]                                                                [01;31m[K^~[m[K
[6.808s] [01m[K/home/turgay/dev_ws/src/ros2_robot/ground_plane_estimator/src/ground_plane_estimator_node.cpp:[m[K In member function â€˜[01m[Kvoid GroundPlaneEstimatorNode::image_callback(sensor_msgs::msg::Image_<std::allocator<void> >::SharedPtr)[m[Kâ€™:
[6.808s] [01m[K/home/turgay/dev_ws/src/ros2_robot/ground_plane_estimator/src/ground_plane_estimator_node.cpp:62:28:[m[K [01;35m[Kwarning: [m[Kâ€˜[01m[Kvoid rclcpp::Publisher<MessageT, Alloc>::publish(const std::shared_ptr<const _Tp>&) [with MessageT = sensor_msgs::msg::Image_<std::allocator<void> >; Alloc = std::allocator<void>][m[Kâ€™ is deprecated: publishing an unique_ptr is prefered when using intra process communication. If using a shared_ptr, use publish(*msg). [[01;35m[K-Wdeprecated-declarations[m[K]
[6.809s]      image_pub_->publish(msg[01;35m[K)[m[K;
[6.809s]                             [01;35m[K^[m[K
[6.809s] In file included from [01m[K/opt/ros/dashing/include/rclcpp/callback_group.hpp:24:0[m[K,
[6.809s]                  from [01m[K/opt/ros/dashing/include/rclcpp/any_executable.hpp:20[m[K,
[6.809s]                  from [01m[K/opt/ros/dashing/include/rclcpp/memory_strategy.hpp:24[m[K,
[6.809s]                  from [01m[K/opt/ros/dashing/include/rclcpp/memory_strategies.hpp:18[m[K,
[6.810s]                  from [01m[K/opt/ros/dashing/include/rclcpp/executor.hpp:33[m[K,
[6.810s]                  from [01m[K/opt/ros/dashing/include/rclcpp/executors/multi_threaded_executor.hpp:24[m[K,
[6.810s]                  from [01m[K/opt/ros/dashing/include/rclcpp/executors.hpp:21[m[K,
[6.810s]                  from [01m[K/opt/ros/dashing/include/rclcpp/rclcpp.hpp:144[m[K,
[6.810s]                  from [01m[K/home/turgay/dev_ws/src/ros2_robot/ground_plane_estimator/include/ground_plane_estimator/ground_plane_estimator_node.hpp:18[m[K,
[6.810s]                  from [01m[K/home/turgay/dev_ws/src/ros2_robot/ground_plane_estimator/src/ground_plane_estimator_node.cpp:7[m[K:
[6.811s] [01m[K/opt/ros/dashing/include/rclcpp/publisher.hpp:137:3:[m[K [01;36m[Knote: [m[Kdeclared here
[6.811s]    [01;36m[Kpublish[m[K(const std::shared_ptr<const MessageT> & msg)
[6.811s]    [01;36m[K^~~~~~~[m[K
[6.868s] [01m[K/home/turgay/dev_ws/src/ros2_robot/ground_plane_estimator/src/ground_plane_estimator_node.cpp:[m[K In member function â€˜[01m[Kvoid GroundPlaneEstimatorNode::imageSegment(const ConstSharedPtr&)[m[Kâ€™:
[6.868s] [01m[K/home/turgay/dev_ws/src/ros2_robot/ground_plane_estimator/src/ground_plane_estimator_node.cpp:359:47:[m[K [01;35m[Kwarning: [m[Kâ€˜[01m[Kvoid rclcpp::Publisher<MessageT, Alloc>::publish(const std::shared_ptr<const _Tp>&) [with MessageT = sensor_msgs::msg::Image_<std::allocator<void> >; Alloc = std::allocator<void>][m[Kâ€™ is deprecated: publishing an unique_ptr is prefered when using intra process communication. If using a shared_ptr, use publish(*msg). [[01;35m[K-Wdeprecated-declarations[m[K]
[6.868s]      image_pub_->publish( cv_ptr->toImageMsg() [01;35m[K)[m[K;
[6.868s]                                                [01;35m[K^[m[K
[6.869s] In file included from [01m[K/opt/ros/dashing/include/rclcpp/callback_group.hpp:24:0[m[K,
[6.869s]                  from [01m[K/opt/ros/dashing/include/rclcpp/any_executable.hpp:20[m[K,
[6.869s]                  from [01m[K/opt/ros/dashing/include/rclcpp/memory_strategy.hpp:24[m[K,
[6.869s]                  from [01m[K/opt/ros/dashing/include/rclcpp/memory_strategies.hpp:18[m[K,
[6.869s]                  from [01m[K/opt/ros/dashing/include/rclcpp/executor.hpp:33[m[K,
[6.869s]                  from [01m[K/opt/ros/dashing/include/rclcpp/executors/multi_threaded_executor.hpp:24[m[K,
[6.870s]                  from [01m[K/opt/ros/dashing/include/rclcpp/executors.hpp:21[m[K,
[6.870s]                  from [01m[K/opt/ros/dashing/include/rclcpp/rclcpp.hpp:144[m[K,
[6.870s]                  from [01m[K/home/turgay/dev_ws/src/ros2_robot/ground_plane_estimator/include/ground_plane_estimator/ground_plane_estimator_node.hpp:18[m[K,
[6.870s]                  from [01m[K/home/turgay/dev_ws/src/ros2_robot/ground_plane_estimator/src/ground_plane_estimator_node.cpp:7[m[K:
[6.870s] [01m[K/opt/ros/dashing/include/rclcpp/publisher.hpp:137:3:[m[K [01;36m[Knote: [m[Kdeclared here
[6.870s]    [01;36m[Kpublish[m[K(const std::shared_ptr<const MessageT> & msg)
[6.870s]    [01;36m[K^~~~~~~[m[K
[8.108s] In file included from [01m[K/usr/include/pcl-1.8/pcl/sample_consensus/sac_model.h:52:0[m[K,
[8.108s]                  from [01m[K/usr/include/pcl-1.8/pcl/sample_consensus/sac.h:45[m[K,
[8.108s]                  from [01m[K/usr/include/pcl-1.8/pcl/segmentation/sac_segmentation.h:49[m[K,
[8.109s]                  from [01m[K/home/turgay/dev_ws/src/ros2_robot/ground_plane_estimator/include/ground_plane_estimator/ground_plane_estimator_node.hpp:34[m[K,
[8.109s]                  from [01m[K/home/turgay/dev_ws/src/ros2_robot/ground_plane_estimator/src/ground_plane_estimator_node.cpp:7[m[K:
[8.109s] [01m[K/usr/include/pcl-1.8/pcl/sample_consensus/model_types.h:[m[K In function â€˜[01m[Kvoid __static_initialization_and_destruction_0(int, int)[m[Kâ€™:
[8.109s] [01m[K/usr/include/pcl-1.8/pcl/sample_consensus/model_types.h:99:3:[m[K [01;35m[Kwarning: [m[Kâ€˜[01m[Kpcl::SAC_SAMPLE_SIZE[m[Kâ€™ is deprecated: This map is deprecated and is kept only to prevent breaking existing user code. Starting from PCL 1.8.0 model sample size is a protected member of the SampleConsensusModel class [[01;35m[K-Wdeprecated-declarations[m[K]
[8.109s]    [01;35m[KSAC_SAMPLE_SIZE[m[K (sample_size_pairs, sample_size_pairs + sizeof (sample_size_pairs) / sizeof (SampleSizeModel));
[8.109s]    [01;35m[K^~~~~~~~~~~~~~~[m[K
[8.110s] [01m[K/usr/include/pcl-1.8/pcl/sample_consensus/model_types.h:99:3:[m[K [01;36m[Knote: [m[Kdeclared here
[8.477s] CMakeFiles/ground_plane_estimator_node.dir/build.make:62: recipe for target 'CMakeFiles/ground_plane_estimator_node.dir/src/ground_plane_estimator_node.cpp.o' failed
[8.478s] make[2]: *** [CMakeFiles/ground_plane_estimator_node.dir/src/ground_plane_estimator_node.cpp.o] Error 1
[8.478s] make[1]: *** [CMakeFiles/ground_plane_estimator_node.dir/all] Error 2
[8.478s] CMakeFiles/Makefile2:67: recipe for target 'CMakeFiles/ground_plane_estimator_node.dir/all' failed
[8.478s] Makefile:140: recipe for target 'all' failed
[8.479s] make: *** [all] Error 2
[8.481s] Invoked command in '/home/turgay/dev_ws/src/ros2_robot/build/ground_plane_estimator' returned '2': CMAKE_PREFIX_PATH=${CMAKE_PREFIX_PATH}:/opt/robot_devkit/tools/rdk_perf:/opt/robot_devkit/perception/handeye_dashboard:/opt/robot_devkit/perception/handeye:/opt/robot_devkit/perception/criutils:/opt/robot_devkit/perception/baldor:/opt/ros/dashing /usr/bin/cmake --build /home/turgay/dev_ws/src/ros2_robot/build/ground_plane_estimator -- -j12 -l12
