[1.184s] [01m[K/home/turgay/dev_ws/src/ros2_robot/ground_plane_estimator/src/ground_plane_estimator_node.cpp:14:7:[m[K [01;31m[Kerror: [m[Kredefinition of â€˜[01m[Kclass GroundPlaneEstimatorNode[m[Kâ€™
[1.185s]  class [01;31m[KGroundPlaneEstimatorNode[m[K : public rclcpp::Node
[1.185s]        [01;31m[K^~~~~~~~~~~~~~~~~~~~~~~~[m[K
[1.185s] In file included from [01m[K/home/turgay/dev_ws/src/ros2_robot/ground_plane_estimator/src/ground_plane_estimator_node.cpp:7:0[m[K:
[1.185s] [01m[K/home/turgay/dev_ws/src/ros2_robot/ground_plane_estimator/include/ground_plane_estimator/ground_plane_estimator_node.hpp:23:7:[m[K [01;36m[Knote: [m[Kprevious definition of â€˜[01m[Kclass GroundPlaneEstimatorNode[m[Kâ€™
[1.185s]  class [01;36m[KGroundPlaneEstimatorNode[m[K : public rclcpp::Node
[1.186s]        [01;36m[K^~~~~~~~~~~~~~~~~~~~~~~~[m[K
[1.347s] make[2]: *** [CMakeFiles/ground_plane_estimator_node.dir/src/ground_plane_estimator_node.cpp.o] Error 1
[1.348s] make[1]: *** [CMakeFiles/ground_plane_estimator_node.dir/all] Error 2
[1.349s] make: *** [all] Error 2
