[1.116s] In file included from [01m[K/home/turgay/dev_ws/src/ros2_robot/ground_plane_estimator/src/ground_plane_estimator_node.cpp:7:0[m[K:
[1.117s] [01m[K/home/turgay/dev_ws/src/ros2_robot/ground_plane_estimator/include/ground_plane_estimator/ground_plane_estimator_node.hpp:26:10:[m[K [01;35m[Kwarning: [m[Kmissing terminating " character
[1.117s]  #include [01;35m[K"[m[Ksensor_msgs/msg/point_cloud2.hpp>
[1.117s]           [01;35m[K^[m[K
[1.117s] [01m[K/home/turgay/dev_ws/src/ros2_robot/ground_plane_estimator/include/ground_plane_estimator/ground_plane_estimator_node.hpp:26:10:[m[K [01;31m[Kerror: [m[K#include expects "FILENAME" or <FILENAME>
[1.117s]  #include [01;31m[K"sensor_msgs/msg/point_cloud2.hpp>[m[K
[1.117s]           [01;31m[K^~~~~~~~~~~~~~~~~~~~~~~~~~~~~~~~~~[m[K
[1.117s] [01m[K/home/turgay/dev_ws/src/ros2_robot/ground_plane_estimator/include/ground_plane_estimator/ground_plane_estimator_node.hpp:27:10:[m[K [01;31m[Kfatal error: [m[Ksensor_msgs/msg/image_encodings.hpp: No such file or directory
[1.117s]  #include [01;31m[K<sensor_msgs/msg/image_encodings.hpp>[m[K
[1.118s]           [01;31m[K^~~~~~~~~~~~~~~~~~~~~~~~~~~~~~~~~~~~~[m[K
[1.118s] compilation terminated.
[1.118s] make[2]: *** [CMakeFiles/ground_plane_estimator_node.dir/src/ground_plane_estimator_node.cpp.o] Error 1
[1.119s] make[1]: *** [CMakeFiles/ground_plane_estimator_node.dir/all] Error 2
[1.119s] make: *** [all] Error 2
