[1.562s] [01m[K/home/turgay/dev_ws/src/ros2_robot/ground_plane_estimator/src/ground_plane_estimator_node.cpp:[m[K In member function â€˜[01m[Kvoid GroundPlaneEstimatorNode::imageColorEdgeDetection(const ConstSharedPtr&, const ConstSharedPtr&)[m[Kâ€™:
[1.563s] [01m[K/home/turgay/dev_ws/src/ros2_robot/ground_plane_estimator/src/ground_plane_estimator_node.cpp:65:23:[m[K [01;31m[Kerror: [m[Kâ€˜[01m[KimageAcuting[m[Kâ€™ was not declared in this scope
[1.563s]    cv::Mat imgResult = [01;31m[KimageAcuting[m[K(cv_ptr);
[1.563s]                        [01;31m[K^~~~~~~~~~~~[m[K
[1.567s] [01m[K/home/turgay/dev_ws/src/ros2_robot/ground_plane_estimator/src/ground_plane_estimator_node.cpp:55:162:[m[K [01;35m[Kwarning: [m[Kunused parameter â€˜[01m[Kpoint_msg[m[Kâ€™ [[01;35m[K-Wunused-parameter[m[K]
[1.568s]  nsor_msgs::msg::Image::ConstSharedPtr& msg, const sensor_msgs::msg::PointCloud2::ConstSharedPtr & [01;35m[Kpoint_msg[m[K) {
[1.568s]                                                                                                    [01;35m[K^~~~~~~~~[m[K
[2.188s] make[2]: *** [CMakeFiles/ground_plane_estimator_node.dir/src/ground_plane_estimator_node.cpp.o] Error 1
[2.189s] make[1]: *** [CMakeFiles/ground_plane_estimator_node.dir/all] Error 2
[2.189s] make: *** [all] Error 2
