[1.242s] [01m[K/home/turgay/dev_ws/src/ros2_robot/ground_plane_estimator/src/ground_plane_estimator_node.cpp:[m[K In member function â€˜[01m[Kvoid GroundPlaneEstimatorNode::image_callback(const ConstSharedPtr&)[m[Kâ€™:
[1.243s] [01m[K/home/turgay/dev_ws/src/ros2_robot/ground_plane_estimator/src/ground_plane_estimator_node.cpp:35:95:[m[K [01;35m[Kwarning: [m[Kunused parameter â€˜[01m[Kmsg[m[Kâ€™ [[01;35m[K-Wunused-parameter[m[K]
[1.245s]  void GroundPlaneEstimatorNode::image_callback(const sensor_msgs::msg::Image::ConstSharedPtr & [01;35m[Kmsg[m[K) {
[1.246s]                                                                                                [01;35m[K^~~[m[K
[3.111s] CMakeFiles/ground_plane_estimator_node.dir/src/ground_plane_estimator_node.cpp.o: In function `main':
[3.112s] ground_plane_estimator_node.cpp:(.text+0xd2f): undefined reference to `image_transport::ImageTransport::ImageTransport(std::shared_ptr<rclcpp::Node>)'
[3.112s] ground_plane_estimator_node.cpp:(.text+0xe06): undefined reference to `image_transport::ImageTransport::~ImageTransport()'
[3.113s] ground_plane_estimator_node.cpp:(.text+0xeb5): undefined reference to `image_transport::ImageTransport::~ImageTransport()'
[3.113s] collect2: error: ld returned 1 exit status
[3.115s] make[2]: *** [ground_plane_estimator_node] Error 1
[3.116s] make[1]: *** [CMakeFiles/ground_plane_estimator_node.dir/all] Error 2
[3.116s] make: *** [all] Error 2
