[0.660s] [35m[1mScanning dependencies of target ground_plane_estimator_node[0m
[0.704s] [ 50%] [32mBuilding CXX object CMakeFiles/ground_plane_estimator_node.dir/src/ground_plane_estimator_node.cpp.o[0m
[1.993s] In file included from [01m[K/home/turgay/dev_ws/src/ros2_robot/ground_plane_estimator/src/ground_plane_estimator_node.cpp:7:0[m[K:
[1.993s] [01m[K/home/turgay/dev_ws/src/ros2_robot/ground_plane_estimator/include/ground_plane_estimator/ground_plane_estimator_node.hpp:35:5:[m[K [01;31m[Kerror: [m[Kâ€˜[01m[Kimage_transport[m[Kâ€™ does not name a type
[1.993s]      [01;31m[Kimage_transport[m[K::Subscriber transport_image_subscription_;
[1.994s]      [01;31m[K^~~~~~~~~~~~~~~[m[K
[2.053s] [01m[K/home/turgay/dev_ws/src/ros2_robot/ground_plane_estimator/src/ground_plane_estimator_node.cpp:[m[K In constructor â€˜[01m[KGroundPlaneEstimatorNode::GroundPlaneEstimatorNode()[m[Kâ€™:
[2.054s] [01m[K/home/turgay/dev_ws/src/ros2_robot/ground_plane_estimator/src/ground_plane_estimator_node.cpp:23:3:[m[K [01;31m[Kerror: [m[Kâ€˜[01m[Ktransport_image_subscription_[m[Kâ€™ was not declared in this scope
[2.054s]    [01;31m[Ktransport_image_subscription_[m[K = image_transport::create_subscription(node_.get(), "/d435/camera/aligned_depth_to_color", &GroundPlaneEstimatorNode::image_callback_static, "raw", custom_qos);
[2.054s]    [01;31m[K^~~~~~~~~~~~~~~~~~~~~~~~~~~~~[m[K
[2.059s] [01m[K/home/turgay/dev_ws/src/ros2_robot/ground_plane_estimator/src/ground_plane_estimator_node.cpp:23:3:[m[K [01;36m[Knote: [m[Ksuggested alternative: â€˜[01m[Kimage_subscription_[m[Kâ€™
[2.060s]    [01;36m[Ktransport_image_subscription_[m[K = image_transport::create_subscription(node_.get(), "/d435/camera/aligned_depth_to_color", &GroundPlaneEstimatorNode::image_callback_static, "raw", custom_qos);
[2.060s]    [01;36m[K^~~~~~~~~~~~~~~~~~~~~~~~~~~~~[m[K
[2.060s]    [32m[Kimage_subscription_[m[K
[2.076s] [01m[K/home/turgay/dev_ws/src/ros2_robot/ground_plane_estimator/src/ground_plane_estimator_node.cpp:[m[K At global scope:
[2.077s] [01m[K/home/turgay/dev_ws/src/ros2_robot/ground_plane_estimator/src/ground_plane_estimator_node.cpp:54:1:[m[K [01;31m[Kerror: [m[Kâ€˜[01m[Kboost[m[Kâ€™ does not name a type; did you mean â€˜[01m[Kbool[m[Kâ€™?
[2.077s]  [01;31m[Kboost[m[K::shared_ptr<image_transport::ImageTransport> it_;
[2.077s]  [01;31m[K^~~~~[m[K
[2.077s]  [32m[Kbool[m[K
[2.078s] [01m[K/home/turgay/dev_ws/src/ros2_robot/ground_plane_estimator/src/ground_plane_estimator_node.cpp:[m[K In function â€˜[01m[Kint main(int, char**)[m[Kâ€™:
[2.078s] [01m[K/home/turgay/dev_ws/src/ros2_robot/ground_plane_estimator/src/ground_plane_estimator_node.cpp:63:49:[m[K [01;31m[Kerror: [m[Kno matching function for call to â€˜[01m[Kimage_transport::ImageTransport::ImageTransport(std::__shared_ptr<GroundPlaneEstimatorNode, (__gnu_cxx::_Lock_policy)2>::element_type*)[m[Kâ€™
[2.078s]    image_transport::ImageTransport it(node_.get()[01;31m[K)[m[K;
[2.078s]                                                  [01;31m[K^[m[K
[2.078s] In file included from [01m[K/home/turgay/dev_ws/src/ros2_robot/ground_plane_estimator/src/ground_plane_estimator_node.cpp:8:0[m[K:
[2.079s] [01m[K/opt/ros/dashing/include/image_transport/image_transport.h:116:12:[m[K [01;36m[Knote: [m[Kcandidate: image_transport::ImageTransport::ImageTransport(rclcpp::Node::SharedPtr)
[2.079s]    explicit [01;36m[KImageTransport[m[K(rclcpp::Node::SharedPtr node);
[2.079s]             [01;36m[K^~~~~~~~~~~~~~[m[K
[2.079s] [01m[K/opt/ros/dashing/include/image_transport/image_transport.h:116:12:[m[K [01;36m[Knote: [m[K  no known conversion for argument 1 from â€˜[01m[Kstd::__shared_ptr<GroundPlaneEstimatorNode, (__gnu_cxx::_Lock_policy)2>::element_type* {aka GroundPlaneEstimatorNode*}[m[Kâ€™ to â€˜[01m[Krclcpp::Node::SharedPtr {aka std::shared_ptr<rclcpp::Node>}[m[Kâ€™
[2.820s] make[2]: *** [CMakeFiles/ground_plane_estimator_node.dir/src/ground_plane_estimator_node.cpp.o] Error 1
[2.821s] CMakeFiles/ground_plane_estimator_node.dir/build.make:62: recipe for target 'CMakeFiles/ground_plane_estimator_node.dir/src/ground_plane_estimator_node.cpp.o' failed
[2.821s] CMakeFiles/Makefile2:67: recipe for target 'CMakeFiles/ground_plane_estimator_node.dir/all' failed
[2.821s] make[1]: *** [CMakeFiles/ground_plane_estimator_node.dir/all] Error 2
[2.821s] Makefile:140: recipe for target 'all' failed
[2.821s] make: *** [all] Error 2
